"q_mass2-rfile"
"Time Step" "q_mass2 etc.."
("Time Step" "q_mass2" "flow-time")
0 -0.5357411977641954 0
1 -0.5844108427681518 0.025
2 -0.6321190048720564 0.05
3 -0.6634724453602251 0.07500000000000001
4 -0.7046956756500629 0.1
5 -0.7485924312714902 0.125
6 -0.7927512724310022 0.15
7 -0.8363655316635551 0.175
8 -0.8791433125470369 0.2
9 -0.9209796555396228 0.225
10 -0.9618167375106897 0.25
11 -1.001623917491431 0.275
12 -1.040375269441584 0.3
13 -1.078038548812777 0.325
14 -1.114564244617878 0.35
15 -1.149927917801275 0.375
16 -1.184091112552474 0.4
17 -1.217016480981218 0.425
18 -1.248666811173376 0.45
19 -1.279027015709274 0.475
20 -1.308074286667962 0.5
21 -1.335759660224316 0.525
22 -1.362074559249594 0.55
23 -1.387001303598091 0.5750000000000001
24 -1.410520169539974 0.6000000000000001
25 -1.432611731514977 0.625
26 -1.453226430529328 0.65
27 -1.47239941835318 0.675
28 -1.490070958874459 0.7000000000000001
29 -1.506243426052981 0.7250000000000001
30 -1.520909756533752 0.75
31 -1.53402993974115 0.775
32 -1.54561764797598 0.8
33 -1.555672478441571 0.8250000000000001
34 -1.564190232160524 0.8500000000000001
35 -1.571187589140318 0.875
36 -1.576643467182672 0.9
37 -1.580533762878884 0.925
38 -1.582868262449235 0.9500000000000001
39 -1.583650144649425 0.9750000000000001
40 -1.582881232663739 1
41 -1.580566148492103 1.025
42 -1.576703752358764 1.05
43 -1.571295131412339 1.075
44 -1.564352811810191 1.1
45 -1.555870782718027 1.125
46 -1.54586001640761 1.15
47 -1.534330460680228 1.175
48 -1.521292544439885 1.2
49 -1.50675766254785 1.225
50 -1.490717281746217 1.25
51 -1.473197437717556 1.275
52 -1.454217412042107 1.3
53 -1.433795149708694 1.325
54 -1.411949046820758 1.35
55 -1.388726948123226 1.375
56 -1.36410212567025 1.4
57 -1.338084212739418 1.425
58 -1.310742847934137 1.45
59 -1.282092947100481 1.475
60 -1.252157484030798 1.5
61 -1.220963036921009 1.525
62 -1.18853833450277 1.55
63 -1.154891070477166 1.575
64 -1.120091033525854 1.6
65 -1.084161423394172 1.625
66 -1.04713366531234 1.65
67 -1.009042804937967 1.675
68 -0.9699100312711916 1.7
69 -0.9297863030415886 1.725
70 -0.8887285117410855 1.75
71 -0.8467691983864194 1.775
72 -0.8039479165104446 1.8
73 -0.7603173362081046 1.825
74 -0.7159132087812962 1.85
75 -0.6707781469967107 1.875
76 -0.62495756054086 1.9
77 -0.5784940223025891 1.925
78 -0.5314390513278257 1.95
79 -0.4838442504434396 1.975
80 -0.4357562861267367 2
81 -0.3872234847497303 2.025
82 -0.3382942249938181 2.05
83 -0.2890185097898759 2.075
84 -0.2394457526252574 2.1
85 -0.1896257804916125 2.125
86 -0.1396082606016628 2.15
87 -0.08944282064037729 2.175
88 -0.03917913875373565 2.2
89 0.01113303399887329 2.225
90 0.06144388165371057 2.25
91 0.1117036176121513 2.275
92 0.1618625785219635 2.3
93 0.2118710720989933 2.325
94 0.2616795635082175 2.35
95 0.3112388016056496 2.375
96 0.3604997621471877 2.4
97 0.409413673368116 2.425
98 0.4579320566170235 2.45
99 0.5060070433706769 2.475
100 0.5535906870171913 2.5
101 0.6006352079237323 2.525
102 0.6470937271270463 2.55
103 0.6929208450820655 2.575
104 0.7380700892106351 2.6
105 0.7824932710535505 2.625
106 0.8261494927582808 2.65
107 0.8690040981312072 2.675
108 0.9110027398307867 2.7
109 0.9521074355042762 2.725
110 0.9922754238247582 2.75
111 1.031465665256632 2.775
112 1.069632134951008 2.8
113 1.106757341085067 2.825
114 1.142790011612546 2.85
115 1.177686270681296 2.875
116 1.211404783618794 2.9
117 1.243905149299788 2.925
118 1.275165965150863 2.95
119 1.305140354082383 2.975
120 1.333812532483713 3
121 1.361133532617015 3.025
122 1.387095622782537 3.05
123 1.411680815163824 3.075
124 1.434868783462303 3.1
125 1.456639464804325 3.125
126 1.476973931147429 3.15
127 1.495822630470374 3.175
128 1.513191807104789 3.2
129 1.529074492895952 3.225
130 1.543460313120224 3.25
131 1.556338714191479 3.275
132 1.567699998180666 3.3
133 1.57753565237244 3.325
134 1.585859594063948 3.35
135 1.592630457231908 3.375
136 1.597853138603053 3.4
137 1.601527355914949 3.425
138 1.603651955697291 3.45
139 1.604226324777334 3.475
140 1.603245271603218 3.5
141 1.600717502360874 3.525
142 1.596646710247211 3.55
143 1.591034987286001 3.575
144 1.58389492609136 3.6
145 1.575219043096513 3.625
146 1.565018394633903 3.65
147 1.553302838214856 3.675
148 1.54008265131311 3.7
149 1.525369065033758 3.725
150 1.509152308063497 3.75
151 1.491483040254137 3.775
152 1.472340247148477 3.8
153 1.451780061549326 3.825
154 1.429807189730778 3.85
155 1.406436209258437 3.875
156 1.381655366624504 3.9
157 1.355505607537672 3.925
158 1.328016479229401 3.95
159 1.299214719618756 3.975
160 1.26912710194311 4
161 1.237781364254805 4.025
162 1.205206540888329 4.05
163 1.171433041696186 4.075
164 1.136492700129957 4.100000000000001
165 1.100418771688462 4.125
166 1.063245929641748 4.15
167 1.025010235652134 4.175
168 0.9857491251535904 4.2
169 0.9455200718663351 4.225000000000001
170 0.9043319148766653 4.25
171 0.8622490287696344 4.275
172 0.8193048097784736 4.3
173 0.7755398344706469 4.325
174 0.7309977243631911 4.350000000000001
175 0.685716214375101 4.375
176 0.6397481324647954 4.4
177 0.5931472794112528 4.425
178 0.5459541398247745 4.45
179 0.4982191267000624 4.475000000000001
180 0.4499933020664718 4.5
181 0.4013239628753573 4.525
182 0.3522590942814328 4.55
183 0.3028487791798442 4.575
184 0.2531424357581905 4.600000000000001
185 0.2031900095900491 4.625
186 0.1530412145966463 4.65
187 0.1027456952420532 4.675
188 0.05235314376115655 4.7
189 0.001913297730018068 4.725000000000001
190 -0.04852403469248621 4.75
191 -0.09890906100523759 4.775
192 -0.149192136811429 4.800000000000001
193 -0.1993235621025881 4.825
194 -0.2492538498356164 4.850000000000001
195 -0.2989337277407785 4.875
196 -0.3483141868962332 4.9
197 -0.3973464192542011 4.925000000000001
198 -0.445982063396977 4.95
199 -0.4941731181237038 4.975000000000001
200 -0.5418715936945599 5
201 -0.5890301769765121 5.025
202 -0.6356018943305558 5.050000000000001
203 -0.6815401542019223 5.075
204 -0.726800386134513 5.100000000000001
205 -0.7713341909478068 5.125
206 -0.8150970959104685 5.15
207 -0.858056414313928 5.175000000000001
208 -0.9001583324929787 5.2
209 -0.9413683595292182 5.225000000000001
210 -0.9816418804001807 5.25
211 -1.020937250314962 5.275
212 -1.059219255229825 5.300000000000001
213 -1.096458124783434 5.325
214 -1.132602236380596 5.350000000000001
215 -1.167603654225568 5.375
216 -1.201425124721046 5.4
217 -1.234027676329135 5.425000000000001
218 -1.265389903656972 5.45
219 -1.295465441990982 5.475000000000001
220 -1.324238104489439 5.5
221 -1.351659347335401 5.525
222 -1.37772093409537 5.550000000000001
223 -1.402404674734818 5.575
224 -1.425690142448893 5.600000000000001
225 -1.447557214929367 5.625
226 -1.467954900893763 5.65
227 -1.486887615800381 5.675000000000001
228 -1.504346794528682 5.7
229 -1.520320558747049 5.725000000000001
230 -1.534796906765772 5.75
231 -1.547764727149436 5.775
232 -1.55918495682056 5.800000000000001
233 -1.569071005233426 5.825
234 -1.577423057157446 5.850000000000001
235 -1.584237761707574 5.875
236 -1.589511470076485 5.9
237 -1.59324124535812 5.925000000000001
238 -1.595425184936613 5.95
239 -1.596062535037986 5.975000000000001
240 -1.595159371069977 6
241 -1.592707764954349 6.025
242 -1.588711920586132 6.050000000000001
243 -1.583173942328864 6.075
244 -1.576098336657738 6.100000000000001
245 -1.567502290250655 6.125
246 -1.557374693517954 6.15
247 -1.545729229764372 6.175000000000001
248 -1.532577451661717 6.2
249 -1.517931038334126 6.225000000000001
250 -1.501802550642061 6.25
251 -1.484182019883177 6.275
252 -1.465076761594389 6.300000000000001
253 -1.444544215343549 6.325
254 -1.422593948637381 6.350000000000001
255 -1.399217521815642 6.375
256 -1.374506155584082 6.4
257 -1.348394376934918 6.425000000000001
258 -1.320958380014635 6.45
259 -1.292214448879683 6.475000000000001
260 -1.262185940662131 6.5
261 -1.230874396797409 6.525
262 -1.198326023714676 6.550000000000001
263 -1.164577141578026 6.575
264 -1.129684070184082 6.600000000000001
265 -1.093664789966357 6.625
266 -1.056548939905561 6.65
267 -1.018370936929565 6.675000000000001
268 -0.9791676795086104 6.7
269 -0.9389777586818693 6.725000000000001
270 -0.8978279120185882 6.75
271 -0.8557814988216831 6.775
272 -0.8128650432636099 6.800000000000001
273 -0.7691367639902311 6.825
274 -0.724636060745278 6.850000000000001
275 -0.6794066421843413 6.875
276 -0.6334999111932943 6.9
277 -0.5869529732695529 6.925000000000001
278 -0.5398158509270484 6.95
279 -0.4921398497697482 6.975000000000001
280 -0.4439713549871404 7
281 -0.3953586327876809 7.025
282 -0.3463500067469806 7.050000000000001
283 -0.2969955765820964 7.075
284 -0.247344711559029 7.100000000000001
285 -0.1974474050466954 7.125
286 -0.1473533207622737 7.15
287 -0.09711208531096191 7.175000000000001
288 -0.04677337687864419 7.2
289 0.003613070693787135 7.225000000000001
290 0.05399744987675656 7.25
291 0.1043299750429772 7.275
292 0.1545609977487209 7.300000000000001
293 0.2046408398999885 7.325
294 0.2545199667897578 7.350000000000001
295 0.3041491271742732 7.375
296 0.3534793188234492 7.4
297 0.4024617862556814 7.425000000000001
298 0.4510480620946458 7.45
299 0.4991902729568001 7.475000000000001
300 0.5468402414663553 7.5
301 0.5939506909183455 7.525
302 0.6404746424811671 7.550000000000001
303 0.6863666198231149 7.575
304 0.7315802008688345 7.600000000000001
305 0.7760673545206642 7.625
306 0.8197870217481069 7.65
307 0.8627030112968771 7.675000000000001
308 0.9047601161272405 7.7
309 0.9459365608334684 7.725000000000001
310 0.9861690614455989 7.75
311 1.025421115857733 7.775
312 1.063648392816962 7.800000000000001
313 1.100833314466806 7.825
314 1.136925180669709 7.850000000000001
315 1.171880353810036 7.875
316 1.205668084147029 7.9
317 1.238244556462425 7.925000000000001
318 1.269569464030147 7.95
319 1.299603928101226 7.975000000000001
320 1.328334496930557 8
321 1.355738932229134 8.025
322 1.381766663284446 8.050000000000001
323 1.4064111701746 8.075000000000001
324 1.429655909249413 8.1
325 1.451482059094299 8.125
326 1.471871081807326 8.15
327 1.490773817372534 8.175000000000001
328 1.50819633366489 8.200000000000001
329 1.524131588577498 8.225
330 1.538569186756063 8.25
331 1.551498555965528 8.275
332 1.562935251546355 8.300000000000001
333 1.572851763887606 8.325000000000001
334 1.581213313554822 8.35
335 1.588028223679534 8.375
336 1.593296495242397 8.4
337 1.597016242401804 8.425000000000001
338 1.599185802438727 8.450000000000001
339 1.599804396306268 8.475
340 1.59886672619198 8.5
341 1.596381507156393 8.525
342 1.592353776728338 8.550000000000001
343 1.586788158299588 8.575000000000001
344 1.579689923658746 8.6
345 1.571065331291011 8.625
346 1.560907359088787 8.65
347 1.54923117407083 8.675000000000001
348 1.536048818590482 8.700000000000001
349 1.521352371051259 8.725
350 1.505187488920625 8.75
351 1.487558962157734 8.775
352 1.468453152489375 8.800000000000001
353 1.447928113169966 8.825000000000001
354 1.425989460014073 8.85
355 1.402652087569081 8.875
356 1.377934860850121 8.9
357 1.351828161776809 8.925000000000001
358 1.324375067384086 8.950000000000001
359 1.295606790066212 8.975
360 1.265551593820919 9
361 1.234237733713878 9.025
362 1.201694418833045 9.050000000000001
363 1.167952148807387 9.075000000000001
364 1.133042798465614 9.1
365 1.096999645881816 9.125
366 1.059857394591523 9.15
367 1.021652129295037 9.175000000000001
368 0.9824212954393364 9.200000000000001
369 0.9422036701585231 9.225
370 0.9010558259611898 9.25
371 0.8590060604536414 9.275
372 0.8160798995642149 9.300000000000001
373 0.7723297764363716 9.325000000000001
374 0.7278031668599466 9.35
375 0.6825538408681476 9.375
376 0.6366160615169607 9.4
377 0.5900447044147559 9.425000000000001
378 0.5428842533586239 9.450000000000001
379 0.4951819540900249 9.475
380 0.4469861977753372 9.5
381 0.3983459427252044 9.525
382 0.349309736155326 9.550000000000001
383 0.2999278018606131 9.575000000000001
384 0.2502495367449022 9.600000000000001
385 0.2003249988456399 9.625
386 0.1502038633909865 9.65
387 0.09993576199437354 9.675000000000001
388 0.04957037953559596 9.700000000000001
389 -0.0008425446080308034 9.725000000000001
390 -0.05125320182158455 9.75
391 -0.1016118007706276 9.775
392 -0.1518686940602429 9.800000000000001
393 -0.2019742015645642 9.825000000000001
394 -0.2518787870820797 9.850000000000001
395 -0.3015331988979068 9.875
396 -0.3508884325363541 9.9
397 -0.3998956773606922 9.925000000000001
398 -0.4485065663130386 9.950000000000001
399 -0.4966730962737702 9.975000000000001
400 -0.5443472631705437 10
