"q_mass-rfile"
"Time Step" "q_mass etc.."
("Time Step" "q_mass" "flow-time")
0 -0.183888058072266 0
1 -0.2876256702092107 0.5
2 -0.3874840727982148 1
3 -0.4511651558391909 1.5
4 -0.5322446856601355 2
5 -0.6145702852030094 2.5
6 -0.6921366178532899 3
7 -0.7623943799567001 3.5
8 -0.824013932807337 4
9 -0.8761411857899464 4.5
10 -0.9181528714520343 5
11 -0.9495783858275522 5.5
12 -0.9700765932027386 6
13 -0.9794301683817457 6.5
14 -0.9775448962355234 7
15 -0.9644497358983697 7.5
16 -0.9402962195567122 8
17 -0.9053567318643463 8.5
18 -0.8600215330332902 9
19 -0.8047945069511283 9.5
20 -0.7402876669295708 10
21 -0.6672144742338573 10.5
22 -0.5863820411514997 11
23 -0.498682307567233 11.5
24 -0.4050822824855766 12
25 -0.306613462679142 12.5
26 -0.2043605432532831 13
27 -0.09944954400826543 13.5
28 0.006964520470297497 14
29 0.113710284020033 14.5
30 0.2196128593272113 15
31 0.3235067011409494 15.5
32 0.4242483721850827 16
33 0.5207290660228228 16.5
34 0.6118867500544034 17
35 0.6967177977574871 17.5
36 0.7742879809079276 18
37 0.843742701476307 18.5
38 0.904316351664926 19
39 0.95534069985471 19.5
40 0.9962522097439277 20
41 1.026598210266084 20.5
42 1.046041857634546 21
43 1.054365816522751 21.5
44 1.051474644775036 22
45 1.0373958352908 22.5
46 1.012279513645432 23
47 0.9763967919650446 23.5
48 0.9301367971214208 24
49 0.8740024057216689 24.5
50 0.8086047336824183 25
51 0.7346564388931494 25.5
52 0.6529639128608093 26
53 0.5644184444945488 26.5
54 0.4699864533445473 27
55 0.3706989011656668 27.5
56 0.2676399955371626 28
57 0.1619353094795172 28.5
58 0.05473944923908911 29
59 -0.05277659580710783 29.5
60 -0.159438284720274 30
61 -0.2640803929477465 30.5
62 -0.3655597806670719 31
63 -0.4627679171674198 31.5
64 -0.5546430273164429 32
65 -0.6401817246332651 32.5
66 -0.7184500064530535 33
67 -0.7885934862060414 33.5
68 -0.8498467552901499 34
69 -0.901541768880694 34.5
70 -0.9431151683903942 35
71 -0.9741144511951264 35.5
72 -0.9942029299863822 36
73 -1.003163424810442 36.5
74 -1.000900637472564 37
75 -0.987442200187831 37.5
76 -0.9629383717340455 38
77 -0.9276603918218727 38.5
78 -0.8819975102348364 39
79 -0.8264527221953191 39.5
80 -0.7616372579360509 40
81 -0.6882638864310032 40.5
82 -0.6071391059558157 41
83 -0.519154309502476 41.5
84 -0.4252760182450752 42
85 -0.3265352918444594 42.5
86 -0.2240164332954915 43
87 -0.1188451096705872 43.5
88 -0.01217601789889749 44
89 0.0948197634272113 44.5
90 0.2009676060647035 45
91 0.3051022011492235 45.5
92 0.4060803242874381 46
93 0.5027933636894864 46.5
94 0.5941794637539907 47
95 0.6792351594915987 47.5
96 0.7570263704321611 48
97 0.8266986338598236 48.5
98 0.8874864663276503 49
99 0.9387217498978505 49.5
100 0.9798410539772592 50
101 1.010391804366103 50.5
102 1.030037246423508 51
103 1.038560128507485 51.5
104 1.035865085541384 52
105 1.021979682540062 52.5
106 0.9970541122839207 53
107 0.9613595496739551 53.5
108 0.9152851804756559 54
109 0.8593339367338716 54.5
110 0.7941169864595359 55
111 0.7203470368573945 55.5
112 0.6388305262663159 56
113 0.5504587872132826 56.5
114 0.4561982819694106 57
115 0.3570800121237951 57.5
116 0.2541882233692501 58
117 0.1486485257899671 58.5
118 0.04161556032967116 59
119 -0.06573964959567635 59.5
120 -0.1722425305002382 60
