"q_mass-rfile"
"Time Step" "q_mass etc.."
("Time Step" "q_mass" "flow-time")
0 0 0
1 0.0003811873171920525 0.05
2 0.0007533092689445235 0.1
3 0.0009979151456370053 0.15
4 0.00132007147659225 0.2
5 0.001664333800923937 0.25
6 0.002012646467342302 0.3
7 0.002359381708273655 0.35
8 0.002702972764000558 0.4
9 0.003043145237117396 0.45
10 0.003380125695296387 0.5
11 0.003714100697650329 0.55
12 0.00404519977715646 0.6000000000000001
13 0.004373477842639167 0.65
14 0.004699058868897616 0.7000000000000001
15 0.005021895727475706 0.75
16 0.005342108869163424 0.8
17 0.005659868924737012 0.8500000000000001
18 0.005975307471740736 0.9
19 0.006288523382412379 0.9500000000000001
20 0.006599598165870618 1
21 0.006908586306769965 1.05
22 0.007215558626704712 1.1
23 0.007520566542059989 1.15
24 0.007823655201556527 1.2
25 0.008124877710169448 1.25
26 0.008424280745449203 1.3
27 0.008721905710833861 1.35
28 0.009017793025849045 1.4
29 0.009311976259130231 1.45
30 0.009604489233315732 1.5
31 0.009895366786473011 1.55
32 0.01018463965896167 1.6
33 0.01047233789467743 1.65
34 0.01075848822007275 1.7
35 0.01104311861047136 1.75
36 0.01132625652615995 1.8
37 0.01160792226567831 1.85
38 0.0118881524490931 1.9
39 0.01216695572728929 1.95
40 0.0124443548421902 2
41 0.01272037442075502 2.05
42 0.01299502285417671 2.1
43 0.01326832903997121 2.15
44 0.01354032225195471 2.2
45 0.01381102251220855 2.25
46 0.0140804410424017 2.3
47 0.01434858843848807 2.35
48 0.01461546888366699 2.4
49 0.01488109841566055 2.45
50 0.01514551030381987 2.5
51 0.01540872157580475 2.55
52 0.0156707485073328 2.6
53 0.01593160305925325 2.65
54 0.0161912946215988 2.7
55 0.01644983414465887 2.75
56 0.0167072416161578 2.8
57 0.016963519283752 2.85
58 0.01721867626875806 2.9
59 0.01747272490440597 2.95
60 0.01772567935765085 3
61 0.01797755385791177 3.05
62 0.01822836115030228 3.1
63 0.01847811200592522 3.15
64 0.018726815765122 3.2
65 0.01897448130125362 3.25
66 0.01922111858423593 3.3
67 0.01946673854593018 3.35
68 0.01971134686193008 3.4
69 0.01995495483557198 3.45
70 0.02019757189079545 3.5
71 0.02043920710221613 3.55
72 0.02067986918527211 3.6
73 0.02091956653738641 3.65
74 0.021158307334505 3.7
75 0.02139609961786433 3.75
76 0.02163295151790494 3.8
77 0.02186887095501575 3.85
78 0.02210386562280798 3.9
79 0.02233794252266226 3.95
80 0.02257110882560225 4
81 0.02280337166863356 4.05
82 0.02303473823277009 4.100000000000001
83 0.02326521588636339 4.15
84 0.02349481253110244 4.2
85 0.02372353360965929 4.25
86 0.02395139114059697 4.3
87 0.02417838595072467 4.350000000000001
88 0.02440452741459332 4.4
89 0.02462981575734132 4.45
90 0.0248542532133645 4.5
91 0.02507786288969368 4.55
92 0.02530065748251511 4.600000000000001
93 0.02552262631990265 4.65
94 0.02574376842606438 4.7
95 0.02596407986978927 4.75
96 0.0261835777754769 4.800000000000001
97 0.02640227692907834 4.850000000000001
98 0.02662018290088468 4.9
99 0.02683729852415008 4.95
100 0.02705362584983361 5
101 0.02726916758098417 5.050000000000001
102 0.02748392234149695 5.100000000000001
103 0.02769792676377213 5.15
104 0.02791114825647525 5.2
105 0.02812360796971693 5.25
106 0.02833531008903277 5.300000000000001
107 0.02854626965205578 5.350000000000001
108 0.02875648768955625 5.4
109 0.02896595420568047 5.45
110 0.02917468036236621 5.5
111 0.02938267212119904 5.550000000000001
112 0.02958993376812198 5.600000000000001
113 0.02979646979240841 5.65
114 0.03000228468288542 5.7
115 0.03020738270358228 5.75
116 0.03041176792967697 5.800000000000001
117 0.03061544436315284 5.850000000000001
118 0.03081841601958856 5.9
119 0.03102068695539732 5.95
120 0.03122226096045216 6
121 0.03142314152550477 6.050000000000001
122 0.03162333301987075 6.100000000000001
123 0.03182283988612133 6.15
124 0.03202166627798452 6.2
125 0.03221981594933235 6.25
126 0.03241729265503803 6.300000000000001
127 0.03261409833724384 6.350000000000001
128 0.03281023732574757 6.4
129 0.03300571328658824 6.45
130 0.0332005292535275 6.5
131 0.03339468925491927 6.550000000000001
132 0.03358819723119942 6.600000000000001
133 0.0337810567027771 6.65
134 0.03397327110711919 6.7
135 0.03416484371418157 6.75
136 0.03435577761263746 6.800000000000001
137 0.0345460758271042 6.850000000000001
138 0.03473574143117342 6.9
139 0.03492477759367995 6.95
140 0.03511318756021979 7
141 0.03530097459587299 7.050000000000001
142 0.03548814192123089 7.100000000000001
143 0.03567469266956117 7.15
144 0.03586062987592255 7.2
145 0.03604595649630284 7.25
146 0.03623067563428067 7.300000000000001
147 0.03641479063245782 7.350000000000001
148 0.0365983033655029 7.4
149 0.03678121818829019 7.45
150 0.03696353719439369 7.5
151 0.03714526299582287 7.550000000000001
152 0.03732639854349905 7.600000000000001
153 0.03750694648361258 7.65
154 0.03768690932672886 7.7
155 0.03786628965148153 7.75
156 0.03804509016932507 7.800000000000001
157 0.03822331370521805 7.850000000000001
158 0.03840096312641518 7.9
159 0.03857804245783525 7.95
160 0.03875454888728568 8
161 0.03893049064093623 8.050000000000001
162 0.03910586803628648 8.1
163 0.03928068509279539 8.15
164 0.03945494319991172 8.200000000000001
165 0.03962864495759744 8.25
166 0.03980179171560296 8.300000000000001
167 0.03997438760637365 8.35
168 0.04014643337699877 8.4
169 0.04031793283955401 8.450000000000001
170 0.04048888794334865 8.5
171 0.04065930007091881 8.550000000000001
172 0.04082917320713561 8.6
173 0.04099851003314389 8.65
174 0.04116731239668046 8.700000000000001
175 0.04133558201316717 8.75
176 0.04150332089771305 8.800000000000001
177 0.04167053146424189 8.85
178 0.04183721630587336 8.9
179 0.0420033779289623 8.950000000000001
180 0.04216901861958715 9
181 0.04233414046857831 9.050000000000001
182 0.04249874548327348 9.1
183 0.0426628356941401 9.15
184 0.0428264132008124 9.200000000000001
185 0.04298948015503213 9.25
186 0.04315203871312529 9.300000000000001
187 0.04331409099499031 9.35
188 0.04347563906927408 9.4
189 0.04363668999065699 9.450000000000001
190 0.04379723433492102 9.5
191 0.04395727809114739 9.550000000000001
192 0.0441168277314927 9.600000000000001
193 0.04427588515980412 9.65
194 0.04443445082523991 9.700000000000001
195 0.04459252610412712 9.75
196 0.04475011424674032 9.800000000000001
197 0.04490721952886484 9.850000000000001
198 0.04506384091370937 9.9
199 0.04521997724888285 9.950000000000001
200 0.04537562953005972 10
201 0.04553080083056962 10.05
202 0.04568549501217509 10.1
203 0.04583971537804955 10.15
204 0.04599346405049621 10.2
205 0.04614674219436202 10.25
206 0.04629955068935667 10.3
207 0.04645188942726041 10.35
208 0.04660376392888855 10.4
209 0.04675516162442522 10.45
210 0.04690609121270627 10.5
211 0.04705657618231479 10.55
212 0.04720660466092013 10.6
213 0.04735617701386951 10.65
214 0.04750529516835546 10.7
215 0.04765395771367835 10.75
216 0.04780216335155988 10.8
217 0.04794992272520172 10.85
218 0.04809723135875274 10.9
219 0.04824409294598192 10.95
220 0.04839052072872237 11
221 0.04853652176356504 11.05
222 0.04868207159737684 11.1
223 0.04882716163190863 11.15
224 0.04897181082018842 11.2
225 0.0491160230130101 11.25
226 0.04925979866360417 11.3
227 0.04940314329364429 11.35
228 0.0495460540866649 11.4
229 0.04968853784567376 11.45
230 0.0498305868131465 11.5
231 0.0499722109843384 11.55
232 0.05011340758945527 11.6
233 0.0502541791948394 11.65
234 0.05039452430340565 11.7
235 0.05053445186591025 11.75
236 0.05067395854022399 11.8
237 0.05081304627061112 11.85
238 0.05095171630334468 11.9
239 0.05108996996082832 11.95
240 0.05122780888073565 12
241 0.05136523480265542 12.05
242 0.05150224935901647 12.1
243 0.05163885400603475 12.15
244 0.05177505007827084 12.2
245 0.0519108399952398 12.25
246 0.05204622107087228 12.3
247 0.05218119986958228 12.35
248 0.05231577426744423 12.4
249 0.05244994757364498 12.45
250 0.05258371443087986 12.5
251 0.05271707654877907 12.55
252 0.05285004509775714 12.6
253 0.05298262454203192 12.65
254 0.05311481001227087 12.7
255 0.05324660251043113 12.75
256 0.05337800359173444 12.8
257 0.05350901423721742 12.85
258 0.05363963538381214 12.9
259 0.05376986820411798 12.95
260 0.05389971407810755 13
261 0.05402917446681894 13.05
262 0.05415825078953833 13.1
263 0.05428694436484038 13.15
264 0.05441525642868512 13.2
265 0.05454318819256176 13.25
266 0.05467074089263174 13.3
267 0.05479791580294818 13.35
268 0.05492471421671417 13.4
269 0.05505113741894776 13.45
270 0.05517718666958055 13.5
271 0.05530286320393882 13.55
272 0.05542816824441486 13.6
273 0.05555310301220281 13.65
274 0.05567766873205639 13.7
275 0.05580186662960976 13.75
276 0.0559256979254627 13.8
277 0.05604916383069824 13.85
278 0.05617226554624397 13.9
279 0.05629500428637942 13.95
280 0.05641738110217263 14
281 0.05653939724001031 14.05
282 0.05666105397877415 14.1
283 0.05678235253416129 14.15
284 0.0569032913196694 14.2
285 0.05702387237887629 14.25
286 0.05714410129743721 14.3
287 0.05726397771034152 14.35
288 0.05738350258715231 14.4
289 0.05750267678474425 14.45
290 0.05762150078102039 14.5
291 0.05773997522362901 14.55
292 0.0578581011915201 14.6
293 0.05797588008323146 14.65
294 0.05809331335152121 14.7
295 0.05821040228956698 14.75
296 0.05832714797354336 14.8
297 0.05844355134786804 14.85
298 0.05855961335696985 14.9
299 0.05867533503214226 14.95
300 0.05879071749824695 15
301 0.05890575970447245 15.05
302 0.05902046172714678 15.1
303 0.05913483024532769 15.15
304 0.05924886444484219 15.2
305 0.0593625686675049 15.25
306 0.05947595322597898 15.3
307 0.05958899719014069 15.35
308 0.05970170462983119 15.4
309 0.05981408169844727 15.45
310 0.05992613178011338 15.5
311 0.06003786254407931 15.55
312 0.06014926588725794 15.6
313 0.06026033598957221 15.65
314 0.06037107602492069 15.7
315 0.0604814890339635 15.75
316 0.06059157977721388 15.8
317 0.06070135698834599 15.85
318 0.06081082059085693 15.9
319 0.06091996791912268 15.95
320 0.0610288005505231 16
321 0.06113731379515472 16.05
322 0.06124550412424833 16.1
323 0.06135337276488823 16.15
324 0.06146092459843386 16.2
325 0.06156816496733269 16.25
326 0.061675095908914 16.3
327 0.06178171831863479 16.35
328 0.06188803108458516 16.4
329 0.06199403329833694 16.45
330 0.06209972539662241 16.5
331 0.06220510882021515 16.55
332 0.06231018556258092 16.6
333 0.06241495718717693 16.65
334 0.0625194232406661 16.7
335 0.06262358541008152 16.75
336 0.06272744530863529 16.8
337 0.06283100402791277 16.85
338 0.06293426217726181 16.9
339 0.06303722024102772 16.95
340 0.06313987886909835 17
341 0.06324223897894304 17.05
342 0.06334430164090255 17.1
343 0.06344606792134655 17.15
344 0.063547538791995 17.2
345 0.06364871513016736 17.25
346 0.0637495977736547 17.3
347 0.0638501875720465 17.35
348 0.06395048540905761 17.4
349 0.06405049219297942 17.45
350 0.06415020883477782 17.5
351 0.06424963623207143 17.55
352 0.06434877526582652 17.6
353 0.06444762680633269 17.65
354 0.06454619172098104 17.7
355 0.06464447087840745 17.75
356 0.06474246514821499 17.8
357 0.06484017539836967 17.85
358 0.06493760249281558 17.9
359 0.06503474729062882 17.95
360 0.06513161064646461 18
361 0.06522819341155318 18.05
362 0.0653244964343633 18.1
363 0.06542052056087602 18.15
364 0.06551626663433742 18.2
365 0.06561173549507694 18.25
366 0.06570692798034185 18.3
367 0.06580184492421626 18.35
368 0.06589648715757146 18.4
369 0.065990855508279 18.45
370 0.06608495080117587 18.5
371 0.06617877385821373 18.55
372 0.06627232549863556 18.6
373 0.06636560722081211 18.65
374 0.0664586187981611 18.7
375 0.06655136126727307 18.75
376 0.06664383547171901 18.8
377 0.0667360422017913 18.85
378 0.06682798280030333 18.9
379 0.06691965610511927 18.95
380 0.06701107010380446 19
381 0.06710222757183869 19.05
382 0.0671931129073845 19.1
383 0.06728372899160706 19.15
384 0.06737408118630793 19.2
385 0.0674641743983153 19.25
386 0.06755401102911961 19.3
387 0.06764359067311113 19.35
388 0.06773291170832246 19.4
389 0.06782197322421872 19.45
390 0.06791077584894149 19.5
391 0.06799932134618371 19.55
392 0.06808761161671825 19.6
393 0.06817564793497084 19.65
394 0.06826343083796775 19.7
395 0.06835096050432216 19.75
396 0.06843823723218483 19.8
397 0.0685252616811956 19.85
398 0.06861203480750784 19.9
399 0.06869855763462795 19.95
400 0.06878483105859509 20
401 0.06887085579612824 20.05
402 0.06895663245985087 20.1
403 0.06904216167040837 20.15
404 0.06912744412424454 20.2
405 0.06921248058933248 20.25
406 0.06929727185732416 20.3
407 0.06938181869644607 20.35
408 0.06946612183218193 20.4
409 0.06955018196076851 20.45
410 0.06963399977397731 20.5
411 0.06971757597584696 20.55
412 0.06980091128520205 20.6
413 0.0698840064266837 20.65
414 0.06996686211986061 20.7
415 0.0700494790740168 20.75
416 0.07013185798970294 20.8
417 0.07021399956367341 20.85
418 0.07029590449304872 20.9
419 0.07037757347637578 20.95
420 0.07045900714078997 21
421 0.07054020601913812 21.05
422 0.07062117104404593 21.1
423 0.07070190304024977 21.15
424 0.07078240274481723 21.2
425 0.07086267076444495 21.25
426 0.07094270764462055 21.3
427 0.07102251398718769 21.35
428 0.07110209047142579 21.4
429 0.07118143783275986 21.45
430 0.07126055681040308 21.5
431 0.07133944810419673 21.55
432 0.0714181123676236 21.6
433 0.07149655023054712 21.65
434 0.07157476232848813 21.7
435 0.07165274931824672 21.75
436 0.07173051187433456 21.8
437 0.07180805067417821 21.85
438 0.07188536638484401 21.9
439 0.07196245965920187 21.95
440 0.07203933114039686 22
441 0.07211598146998947 22.05
442 0.07219241129289683 22.1
443 0.07226862125744678 22.15
444 0.07234461201205193 22.2
445 0.07242038420168853 22.25
446 0.07249593839180231 22.3
447 0.07257127525387996 22.35
448 0.07264639527150651 22.4
449 0.07272129792250522 22.45
450 0.07279598432035082 22.5
451 0.07287045669526793 22.55
452 0.07294471589260364 22.6
453 0.07301876325955846 22.65
454 0.07309259835690407 22.7
455 0.07316622080618972 22.75
456 0.07323963079636256 22.8
457 0.07331282906839282 22.85
458 0.07338581673815488 22.9
459 0.07345859485367297 22.95
460 0.07353116416067799 23
461 0.07360352513864107 23.05
462 0.07367567817457413 23.1
463 0.07374762372429017 23.15
464 0.07381936237272034 23.2
465 0.0738908947970599 23.25
466 0.07396222168904715 23.3
467 0.07403334369644479 23.35
468 0.07410426141037861 23.4
469 0.07417497538897125 23.45
470 0.07424548619025167 23.5
471 0.07431579439189609 23.55
472 0.07438590059130722 23.6
473 0.07445580539328453 23.65
474 0.07452550939686116 23.7
475 0.07459501318927676 23.75
476 0.07466431734792767 23.8
477 0.07473342244626982 23.85
478 0.07480232905879453 23.9
479 0.07487103776255224 23.95
480 0.07493954913563727 24
481 0.07500786375454684 24.05
482 0.07507598219243104 24.1
483 0.07514390501890511 24.15
484 0.07521163280095944 24.2
485 0.07527916610410165 24.25
486 0.07534650549291286 24.3
487 0.07541365153095748 24.35
488 0.07548060478023806 24.4
489 0.0755473658008225 24.45
490 0.07561393515070093 24.5
491 0.07568031338591755 24.55
492 0.07574650073938846 24.6
493 0.07581249823266757 24.65
494 0.07587830628290232 24.7
495 0.07594392514545693 24.75
496 0.0760093555599583 24.8
497 0.07607459836909117 24.85
498 0.07613965425807577 24.9
499 0.07620452363279555 24.95
500 0.0762692068131868 25
501 0.07633370420631744 25.05
502 0.07639801635586482 25.1
503 0.0764621438874354 25.15
504 0.07652608742227536 25.2
505 0.07658984752415238 25.25
506 0.07665342470093636 25.3
507 0.07671681943940714 25.35
508 0.07678003223941685 25.4
509 0.07684306362619606 25.45
510 0.07690591414123413 25.5
511 0.07696858432545352 25.55
512 0.07703107470799975 25.6
513 0.07709338580559148 25.65
514 0.077155518128873 25.7
515 0.07721747218921492 25.75
516 0.07727924850154595 25.8
517 0.07734084758293545 25.85
518 0.07740226994940741 25.9
519 0.07746351611364329 25.95
520 0.07752458658468528 26
521 0.07758548186907165 26.05
522 0.07764620247215001 26.1
523 0.07770674889869068 26.15
524 0.07776712165267401 26.2
525 0.07782732123671757 26.25
526 0.07788734815163527 26.3
527 0.07794720289636621 26.35
528 0.078006885968159 26.4
529 0.07806639786282062 26.45
530 0.07812573907484086 26.5
531 0.07818491009736955 26.55
532 0.07824391142212365 26.6
533 0.07830274353931167 26.65
534 0.07836140693760618 26.7
535 0.07841990210418345 26.75
536 0.07847822952477171 26.8
537 0.07853638968367993 26.85
538 0.07859438306380621 26.9
539 0.07865221014662399 26.95
540 0.07870987141216883 27
541 0.07876736733903748 27.05
542 0.07882469840438859 27.1
543 0.07888186508397345 27.15
544 0.07893886785213743 27.2
545 0.07899570718181982 27.25
546 0.07905238354456266 27.3
547 0.07910889741051001 27.35
548 0.07916524941430954 27.4
549 0.07922144022359064 27.45
550 0.07927746993093068 27.5
551 0.07933333871070754 27.55
552 0.0793890470133181 27.6
553 0.0794445954773615 27.65
554 0.07949998474914841 27.7
555 0.07955521536525668 27.75
556 0.07961028774920929 27.8
557 0.07966520227837105 27.85
558 0.07971995938832369 27.9
559 0.07977455946529051 27.95
560 0.07982900300254343 28
561 0.07988329047871583 28.05
562 0.07993742236004786 28.1
563 0.07999139908973646 28.15
564 0.08004522102618304 28.2
565 0.08009888867404065 28.25
566 0.08015240253465222 28.3
567 0.08020576307454 28.35
568 0.08025897071601523 28.4
569 0.08031202586312555 28.45
570 0.08036492893031409 28.5
571 0.08041768035313791 28.55
572 0.08047028058123287 28.6
573 0.08052273006453904 28.65
574 0.08057502924375576 28.7
575 0.08062717854931885 28.75
576 0.08067917840626827 28.8
577 0.08073102923980441 28.85
578 0.08078273147786214 28.9
579 0.08083428555026363 28.95
580 0.08088569188626665 29
581 0.08093695091263388 29.05
582 0.08098806305320005 29.1
583 0.08103902872963634 29.15
584 0.08108984836249469 29.2
585 0.08114052237174101 29.25
586 0.08119105117672563 29.3
587 0.08124143519578937 29.35
588 0.08129167484587609 29.4
589 0.08134177054240511 29.45
590 0.08139172269937968 29.5
591 0.08144153172957855 29.55
592 0.08149119804467929 29.6
593 0.08154072205527391 29.65
594 0.08159010417080664 29.7
595 0.08163934479950967 29.75
596 0.08168844434835484 29.8
597 0.08173740322311449 29.85
598 0.0817862218283502 29.9
599 0.08183490056745735 29.95
600 0.08188343984267227 30
601 0.08193184005504364 30.05
602 0.08198010160449713 30.1
603 0.08202822488978527 30.15
604 0.08207621049386453 30.2
605 0.08212405889508559 30.25
606 0.08217177017297159 30.3
607 0.08221934454587304 30.35
608 0.08226678239225087 30.4
609 0.08231408422905488 30.45
610 0.08236125059359731 30.5
611 0.0824082819488499 30.55
612 0.08245517865885017 30.6
613 0.08250194104552461 30.65
614 0.0825485694456544 30.7
615 0.08259506424798752 30.75
616 0.08264142589816197 30.8
617 0.08268765443025496 30.85
618 0.08273374985041443 30.9
619 0.08277971198222997 30.95
620 0.08282554218076099 31
621 0.0828712419958328 31.05
622 0.08291681219300819 31.1
623 0.08296225247775743 31.15
624 0.08300756276397761 31.2
625 0.0830527431281355 31.25
626 0.08309779385026071 31.3
627 0.08314271536806019 31.35
628 0.08318750817570132 31.4
629 0.08323217274082777 31.45
630 0.08327670946559372 31.5
631 0.08332111869344072 31.55
632 0.08336540074163501 31.6
633 0.08340955593551491 31.65
634 0.08345358462739458 31.7
635 0.08349748719437672 31.75
636 0.08354126402223701 31.8
637 0.08358491548849115 31.85
638 0.08362844195493857 31.9
639 0.08367184377135713 31.95
640 0.0837151212847048 32
641 0.08375827484648179 32.05
642 0.08380130481423524 32.1
643 0.08384421154816031 32.15
644 0.08388699540653041 32.2
645 0.08392965674325795 32.25
646 0.0839721959083695 32.3
647 0.08401461325013758 32.35
648 0.08405690911692684 32.4
649 0.08409908385767181 32.45
650 0.08414113782118636 32.5
651 0.08418307135515853 32.55
652 0.08422488480558631 32.6
653 0.08426657851686294 32.65
654 0.08430815283221571 32.7
655 0.08434960809410218 32.75
656 0.08439094464432047 32.8
657 0.08443216282387221 32.85
658 0.08447326297275189 32.9
659 0.08451424542982108 32.95
660 0.08455511053281595 33
661 0.08459585861843928 33.05
662 0.08463649002245069 33.1
663 0.08467700507970212 33.15
664 0.08471740412413249 33.2
665 0.08475768748872697 33.25
666 0.08479785550548949 33.3
667 0.08483790850543743 33.35
668 0.0848778468186087 33.4
669 0.08491767077408884 33.45
670 0.08495738070002035 33.5
671 0.0849969769236112 33.55
672 0.08503645977112517 33.6
673 0.08507582956787742 33.65
674 0.0851150866382535 33.7
675 0.08515423130568917 33.75
676 0.08519326389269219 33.8
677 0.08523218472083206 33.85
678 0.08527099411074762 33.9
679 0.08530969238215362 33.95
680 0.08534827985383248 34
681 0.08538675684364698 34.05
682 0.08542512366856053 34.1
683 0.08546338064461101 34.15
684 0.08550152808692493 34.2
685 0.08553956630971946 34.25
686 0.08557749562630423 34.3
687 0.08561531634908233 34.35
688 0.08565302878955661 34.4
689 0.08569063325833329 34.45
690 0.0857281300487072 34.5
691 0.08576551946264377 34.55
692 0.08580280184672535 34.6
693 0.08583997759493756 34.65
694 0.08587704676924864 34.7
695 0.08591400957106572 34.75
696 0.08595086654769053 34.8
697 0.08598761827330254 34.85
698 0.0860242654361567 34.9
699 0.08606080824189806 34.95
700 0.08609724627255844 35
701 0.08613357931035513 35.05
702 0.08616980770081996 35.1
703 0.08620593214932233 35.15
704 0.08624195333846313 35.2
705 0.0862778717430043 35.25
706 0.08631368754218481 35.3
707 0.08634940082457712 35.35
708 0.08638501174848583 35.4
709 0.08642052060182126 35.45
710 0.0864559277555469 35.5
711 0.08649123358036799 35.55
712 0.08652643839491231 35.6
713 0.08656154246742159 35.65
714 0.08659654604887336 35.7
715 0.08663144940402254 35.75
716 0.08666625282092627 35.8
717 0.08670095660105828 35.85
718 0.08673556120363785 35.9
719 0.08677006719080296 35.95
720 0.08680447440078268 36
721 0.08683878276587809 36.05
722 0.08687299256137032 36.1
723 0.08690710429150592 36.15
724 0.08694111845964508 36.2
725 0.08697503542492994 36.25
726 0.08700885540767639 36.3
727 0.08704257858218838 36.35
728 0.08707620516232853 36.4
729 0.08710973542691197 36.45
730 0.08714316969222291 36.5
731 0.08717650827054257 36.55
732 0.08720975144731224 36.6
733 0.08724289948431928 36.65
734 0.08727595263647392 36.7
735 0.0873089111658302 36.75
736 0.0873417753448482 36.8
737 0.0873745454510879 36.85
738 0.08740722176022071 36.9
739 0.08743980454257258 36.95
740 0.0874722940640279 37
741 0.08750469058893307 37.05
742 0.08753699438232801 37.1
743 0.08756920571033049 37.15
744 0.08760132483917514 37.2
745 0.08763335203407362 37.25
746 0.08766528755871027 37.3
747 0.08769713167543414 37.35
748 0.08772888464574839 37.4
749 0.0877605467306572 37.45
750 0.08779211819070463 37.5
751 0.0878235992858122 37.55
752 0.08785499032241006 37.6
753 0.08788629160449803 37.65
754 0.08791750327551227 37.7
755 0.08794862546166748 37.75
756 0.08797965843569822 37.8
757 0.08801060249359922 37.85
758 0.08804145796621737 37.9
759 0.08807222527020511 37.95
760 0.08810290471276586 38
761 0.08813349644057114 38.05
762 0.08816400061630635 38.1
763 0.08819441738556688 38.15
764 0.08822474700434478 38.2
765 0.08825498978295261 38.25
766 0.08828514602632608 38.3
767 0.08831521600096016 38.35
768 0.0883451999392149 38.40000000000001
769 0.08837509806276793 38.45
770 0.08840491060246909 38.5
771 0.08843463780368294 38.55
772 0.08846427991982257 38.6
773 0.08849383720311232 38.65000000000001
774 0.08852330989947696 38.7
775 0.0885526982490956 38.75
776 0.0885820024898642 38.8
777 0.08861122286041861 38.85
778 0.08864035960102951 38.90000000000001
779 0.08866941295267708 38.95
780 0.08869838315561469 39
781 0.08872727044858682 39.05
782 0.0887560750688311 39.1
783 0.0887847972525727 39.15000000000001
784 0.08881343723555808 39.2
785 0.08884199525323873 39.25
786 0.08887047154065485 39.3
787 0.08889886633222394 39.35
788 0.08892717986154147 39.40000000000001
789 0.08895541236136421 39.45
790 0.08898356406369276 39.5
791 0.08901163519990489 39.55
792 0.08903962600081551 39.6
793 0.08906753669664326 39.65000000000001
794 0.08909536751693209 39.7
795 0.08912311869052185 39.75
796 0.08915079044554826 39.8
797 0.08917838300948991 39.85
798 0.08920589660919262 39.90000000000001
799 0.08923333147088051 39.95
800 0.08926068782012971 40
801 0.08928796588184472 40.05
802 0.08931516588027884 40.1
803 0.08934228803904556 40.15000000000001
804 0.08936933258113659 40.2
805 0.08939629972889689 40.25
806 0.08942318970402174 40.3
807 0.08945000272756606 40.35
808 0.08947673901995282 40.40000000000001
809 0.08950339880098497 40.45
810 0.08952998228983158 40.5
811 0.08955648970502643 40.55
812 0.08958292126447176 40.6
813 0.08960927718544792 40.65000000000001
814 0.08963555768460918 40.7
815 0.08966176297799162 40.75
816 0.08968789328101319 40.8
817 0.08971394880846931 40.85
818 0.08973992977453396 40.90000000000001
819 0.08976583639276632 40.95
820 0.08979166887611831 41
821 0.08981742743693701 41.05
822 0.08984311228695629 41.1
823 0.08986872363729802 41.15000000000001
824 0.08989426169847392 41.2
825 0.08991972668039075 41.25
826 0.08994511879236011 41.3
827 0.08997043824309686 41.35
828 0.08999568524071047 41.40000000000001
829 0.09002085999270885 41.45
830 0.09004596270600559 41.5
831 0.09007099358692355 41.55
832 0.09009595284119559 41.6
833 0.09012084067396287 41.65000000000001
834 0.09014565728977467 41.7
835 0.09017040289259283 41.75
836 0.0901950776857952 41.8
837 0.09021968187217833 41.85
838 0.09024421565395715 41.90000000000001
839 0.09026867923276402 41.95
840 0.09029307280965072 42
841 0.09031739658509041 42.05
842 0.09034165075898651 42.1
843 0.09036583553066553 42.15000000000001
844 0.09038995109888923 42.2
845 0.09041399766184094 42.25
846 0.09043797541713895 42.3
847 0.09046188456182834 42.35
848 0.0904857252923916 42.40000000000001
849 0.09050949780475388 42.45
850 0.09053320229427754 42.5
851 0.09055683895575695 42.55
852 0.09058040798342561 42.6
853 0.09060390957096408 42.65000000000001
854 0.09062734391150233 42.7
855 0.09065071119761743 42.75
856 0.09067401162133024 42.8
857 0.09069724537411025 42.85
858 0.0907204126468643 42.90000000000001
859 0.09074351362996411 42.95
860 0.09076654851324144 43
861 0.09078951748598374 43.05
862 0.09081242073692278 43.1
863 0.09083525845424822 43.15000000000001
864 0.09085803082561644 43.2
865 0.09088073803814507 43.25
866 0.09090338027842601 43.3
867 0.09092595773251252 43.35
868 0.09094847058590948 43.40000000000001
869 0.09097091902358158 43.45
870 0.09099330322997697 43.5
871 0.09101562338902418 43.55
872 0.09103787968413646 43.6
873 0.09106007229818161 43.65000000000001
874 0.09108220141348197 43.7
875 0.0911042672118436 43.75
876 0.09112626987456099 43.8
877 0.09114820958242913 43.85
878 0.09117008651572894 43.90000000000001
879 0.09119190085421167 43.95
880 0.09121365277706424 44
881 0.09123534246298613 44.05
882 0.09125697009018047 44.1
883 0.09127853583634694 44.15000000000001
884 0.09130003987871631 44.2
885 0.09132148239396828 44.25
886 0.09134286355819168 44.3
887 0.09136418354703479 44.35
888 0.09138544253568218 44.40000000000001
889 0.09140664069876954 44.45
890 0.09142777821052533 44.5
891 0.09144885524467256 44.55
892 0.09146987197415453 44.6
893 0.09149082857167483 44.65000000000001
894 0.09151172520956689 44.7
895 0.09153256205934227 44.75
896 0.09155333929162751 44.8
897 0.09157405707852828 44.85
898 0.09159471558950891 44.90000000000001
899 0.09161531499361755 44.95
900 0.09163585546106802 45
901 0.09165633715919359 45.05
902 0.09167676025522672 45.1
903 0.09169712492270568 45.15000000000001
904 0.09171743132856169 45.2
905 0.09173767963193288 45.25
906 0.09175787000172304 45.3
907 0.09177800260501126 45.35
908 0.09179807760706486 45.40000000000001
909 0.09181809517913617 45.45
910 0.09183805548001672 45.5
911 0.0918579586696614 45.55
912 0.09187780491498504 45.6
913 0.091897594377162 45.65000000000001
914 0.09191732722375859 45.7
915 0.09193700361776658 45.75
916 0.09195662371725707 45.8
917 0.09197618767941823 45.85
918 0.09199569566875812 45.90000000000001
919 0.09201514784295048 45.95
920 0.09203454436819776 46
921 0.09205388540253834 46.05
922 0.09207317110313318 46.1
923 0.09209240162378422 46.15000000000001
924 0.09211157712591096 46.2
925 0.09213069776473025 46.25
926 0.09214976370316499 46.3
927 0.09216877509727994 46.35
928 0.09218773210168216 46.40000000000001
929 0.09220663486792267 46.45
930 0.09222548355281841 46.5
931 0.09224427831099626 46.55
932 0.09226301929872588 46.6
933 0.09228170668745338 46.65000000000001
934 0.09230034062617115 46.7
935 0.09231892124396408 46.75
936 0.09233744868768738 46.8
937 0.0923559231192692 46.85
938 0.09237434469737049 46.90000000000001
939 0.09239271358470941 46.95
940 0.09241102991772866 47
941 0.09242929384834143 47.05
942 0.09244750552205781 47.1
943 0.09246566509258795 47.15000000000001
944 0.0924837727115521 47.2
945 0.09250182853185944 47.25
946 0.09251983270041268 47.3
947 0.09253778535922159 47.35
948 0.09255568665685027 47.40000000000001
949 0.09257353673762497 47.45
950 0.09259133575160097 47.5
951 0.09260908384336856 47.55
952 0.09262678116849919 47.6
953 0.09264442786233076 47.65000000000001
954 0.09266202407391419 47.7
955 0.09267956994305564 47.75
956 0.09269706561375556 47.8
957 0.09271451123141074 47.85
958 0.09273190693992252 47.90000000000001
959 0.09274925288965655 47.95
960 0.09276654921335148 48
961 0.0927837960580102 48.05
962 0.0928009935591679 48.1
963 0.09281814186034343 48.15000000000001
964 0.09283524110116891 48.2
965 0.09285229142857319 48.25
966 0.09286929298158179 48.3
967 0.09288624589687863 48.35
968 0.09290315031368557 48.40000000000001
969 0.09292000636739517 48.45
970 0.09293681419927725 48.5
971 0.09295357394499351 48.55
972 0.09297028575202333 48.6
973 0.09298694974990065 48.65000000000001
974 0.09300356607841596 48.7
975 0.09302013486973434 48.75
976 0.09303665625913062 48.8
977 0.09305313038462665 48.85
978 0.0930695573798805 48.90000000000001
979 0.09308593738970204 48.95
980 0.09310227053858382 49
981 0.09311855696582411 49.05
982 0.09313479679890915 49.1
983 0.09315099017239507 49.15000000000001
984 0.09316713721996374 49.2
985 0.0931832380751456 49.25
986 0.09319929287788203 49.3
987 0.09321530175052493 49.35
988 0.09323126482903518 49.40000000000001
989 0.09324718223809673 49.45
990 0.09326305411158634 49.5
991 0.09327888057835396 49.55
992 0.09329466177254246 49.6
993 0.09331039782715157 49.65000000000001
994 0.09332608886533322 49.7
995 0.09334173501738541 49.75
996 0.09335733640719236 49.8
997 0.09337289316659003 49.85
998 0.09338840542046371 49.90000000000001
999 0.09340387330366068 49.95
1000 0.09341929694131519 50
1001 0.09343467645819056 50.05
1002 0.09345001197880745 50.1
1003 0.09346530362670427 50.15000000000001
1004 0.09348055153090302 50.2
1005 0.09349575581345859 50.25
1006 0.09351091660866508 50.3
1007 0.09352603403488846 50.35
1008 0.09354110821789831 50.40000000000001
1009 0.09355613927723079 50.45
1010 0.09357112733586467 50.5
1011 0.0935860725194374 50.55
1012 0.09360097494797338 50.6
1013 0.09361583475405165 50.65000000000001
1014 0.09363065205137504 50.7
1015 0.09364542696498193 50.75
1016 0.09366015961057017 50.8
1017 0.09367485010996332 50.85
1018 0.09368949858565361 50.90000000000001
1019 0.09370410515575599 50.95
1020 0.09371866995086567 51
1021 0.09373319308051811 51.05
1022 0.09374767466872165 51.1
1023 0.09376211482767532 51.15000000000001
1024 0.09377651367811295 51.2
1025 0.0937908713388429 51.25
1026 0.09380518792725921 51.3
1027 0.09381946357057452 51.35
1028 0.09383369837565739 51.40000000000001
1029 0.09384789246411326 51.45
1030 0.093862045945661 51.5
1031 0.09387615893978329 51.55
1032 0.09389023156157676 51.6
1033 0.09390426392809086 51.65000000000001
1034 0.09391825616217535 51.7
1035 0.09393220836950093 51.75
1036 0.09394612066816374 51.8
1037 0.0939599931660524 51.85
1038 0.09397382598138214 51.90000000000001
1039 0.09398761922546894 51.95
1040 0.09400137301554297 52
1041 0.09401508746884543 52.05
1042 0.09402876269121624 52.1
1043 0.09404239879639605 52.15000000000001
1044 0.09405599589140953 52.2
1045 0.09406955409240655 52.25
1046 0.09408307350753359 52.3
1047 0.09409655425417608 52.35
1048 0.09410999644353066 52.40000000000001
1049 0.09412340018198311 52.45
1050 0.09413676557893851 52.5
1051 0.09415009274090629 52.55
1052 0.09416338178147227 52.6
1053 0.09417663280616353 52.65000000000001
1054 0.09418984593209485 52.7
1055 0.09420302126467797 52.75
1056 0.09421615891105597 52.8
1057 0.09422925897617937 52.85
1058 0.09424232156606524 52.90000000000001
1059 0.09425534679176806 52.95
1060 0.09426833475642819 53
1061 0.09428128557648556 53.05
1062 0.0942941993521927 53.1
1063 0.0943070761908596 53.15000000000001
1064 0.09431991619375237 53.2
1065 0.0943327194662275 53.25
1066 0.09434548611620745 53.3
1067 0.09435821624523628 53.35
1068 0.09437090996841846 53.40000000000001
1069 0.09438356738188984 53.45
1070 0.09439618859237305 53.5
1071 0.09440877369791402 53.55
1072 0.09442132280289027 53.6
1073 0.09443383601237905 53.65000000000001
1074 0.09444631342638357 53.7
1075 0.09445875515833012 53.75
1076 0.09447116130081198 53.8
1077 0.09448353195967736 53.85
1078 0.09449586722991044 53.90000000000001
1079 0.09450816721511181 53.95
1080 0.09452043201725438 54
1081 0.0945326617350887 54.05
1082 0.09454485648003824 54.1
1083 0.09455701634174463 54.15000000000001
1084 0.0945691414245747 54.2
1085 0.09458123182100221 54.25
1086 0.09459328763372393 54.3
1087 0.09460530896138945 54.35
1088 0.09461729590239634 54.40000000000001
1089 0.09462924856504308 54.45
1090 0.09464116703702355 54.5
1091 0.09465305142052394 54.55
1092 0.09466490180601674 54.6
1093 0.09467671829517603 54.65000000000001
1094 0.09468850098348809 54.7
1095 0.09470024996911552 54.75
1096 0.09471196535660019 54.8
1097 0.09472364723270117 54.85
1098 0.09473529569661439 54.90000000000001
1099 0.09474691083745153 54.95
1100 0.09475849275563557 55
1101 0.09477004154351426 55.05
1102 0.09478155729966875 55.1
1103 0.09479304012358029 55.15000000000001
1104 0.09480449010222888 55.2
1105 0.09481590733127121 55.25
1106 0.09482729189914056 55.3
1107 0.09483864390439248 55.35
1108 0.09484996343669283 55.40000000000001
1109 0.09486125059501271 55.45
1110 0.09487250547354274 55.5
1111 0.09488372815974973 55.55
1112 0.09489491874556735 55.6
1113 0.09490607731927422 55.65000000000001
1114 0.09491720397704809 55.7
1115 0.09492829880635405 55.75
1116 0.09493936190650203 55.8
1117 0.09495039336587716 55.85
1118 0.09496139327327582 55.90000000000001
1119 0.09497236171647276 55.95
1120 0.09498329878371106 56
1121 0.09499420456894765 56.05
1122 0.09500507915738819 56.1
1123 0.09501592264844703 56.15000000000001
1124 0.09502673512527833 56.2
1125 0.09503751667753588 56.25
1126 0.09504826738932964 56.3
1127 0.09505898734881282 56.35
1128 0.09506967664719938 56.40000000000001
1129 0.09508033536827132 56.45
1130 0.09509096361084189 56.5
1131 0.09510156145367799 56.55
1132 0.09511212898665039 56.6
1133 0.09512266629058141 56.65000000000001
1134 0.09513317345359709 56.7
1135 0.09514365056384076 56.75
1136 0.09515409770421179 56.8
1137 0.09516451497217381 56.85
1138 0.0951749024430683 56.90000000000001
1139 0.09518526020644931 56.95
1140 0.09519558834011767 57
1141 0.09520588693220895 57.05
1142 0.09521615606760143 57.1
1143 0.0952263958288502 57.15000000000001
1144 0.09523660631130661 57.2
1145 0.09524678758790542 57.25
1146 0.09525693974666623 57.3
1147 0.09526706286352189 57.35
1148 0.09527715702618016 57.40000000000001
1149 0.09528722231610672 57.45
1150 0.09529725881654762 57.5
1151 0.09530726661923959 57.55
1152 0.09531724579607903 57.6
1153 0.09532719643257039 57.65000000000001
1154 0.09533711860357973 57.7
1155 0.09534701239598306 57.75
1156 0.09535687788797209 57.8
1157 0.09536671516439837 57.85
1158 0.09537652431120065 57.90000000000001
1159 0.09538630540139505 57.95
1160 0.09539605851673255 58
1161 0.09540578373211554 58.05
1162 0.09541548113264872 58.1
1163 0.09542515079409822 58.15000000000001
1164 0.09543479280245257 58.2
1165 0.09544440723776562 58.25
1166 0.09545399417436178 58.3
1167 0.09546355369031165 58.35
1168 0.09547308586089914 58.40000000000001
1169 0.09548259076902828 58.45
1170 0.09549206848840222 58.5
1171 0.0955015191059487 58.55
1172 0.09551094269564496 58.6
1173 0.09552033933393217 58.65000000000001
1174 0.09552970909453098 58.7
1175 0.09553905205337937 58.75
1176 0.09554836829120186 58.8
1177 0.09555765787972711 58.85
1178 0.09556692090644574 58.90000000000001
1179 0.09557615744005986 58.95
1180 0.09558536755822027 59
1181 0.09559455133133007 59.05
1182 0.09560370883559129 59.1
1183 0.0956128401488404 59.15000000000001
1184 0.09562194534215361 59.2
1185 0.09563102450232945 59.25
1186 0.09564007769406369 59.3
1187 0.09564910499554208 59.35
1188 0.09565810647381723 59.40000000000001
1189 0.09566708220590484 59.45
1190 0.09567603226623851 59.5
1191 0.0956849567258341 59.55
1192 0.09569385566987075 59.6
1193 0.09570272916034349 59.65000000000001
1194 0.09571157727459702 59.7
1195 0.095720400077611 59.75
1196 0.09572919764665722 59.8
1197 0.09573797005249678 59.85
1198 0.0957467173674135 59.90000000000001
1199 0.09575543967311467 59.95
1200 0.09576413703064331 60
