"q_mass-rfile"
"Time Step" "q_mass etc.."
("Time Step" "q_mass" "flow-time")
0 0 0
1 0.007623672907529254 0.05
2 0.01506861192995432 0.1
3 0.01996394165264302 0.15
4 0.02641213451667905 0.2
5 0.03330437070716828 0.25
6 0.04027946577704953 0.3
7 0.04722433848394088 0.35
8 0.05410714239870371 0.4
9 0.06092177092764195 0.45
10 0.06766967809390541 0.5
11 0.07435418599889733 0.55
12 0.08097875479992106 0.6000000000000001
13 0.08754637813213972 0.65
14 0.09405939893106283 0.7000000000000001
15 0.1005197678065545 0.75
16 0.106930337092859 0.8
17 0.1132933656493055 0.8500000000000001
18 0.1196113482647026 0.9
19 0.1258850751892462 0.9500000000000001
20 0.1321158356454432 1
21 0.1383049267611677 1.05
22 0.1444538750919895 1.1
23 0.1505634833045956 1.15
24 0.1566347137276984 1.2
25 0.1626685154425739 1.25
26 0.1686658359186037 1.3
27 0.1746275931906842 1.35
28 0.1805544545043173 1.4
29 0.1864471634673489 1.45
30 0.1923064041522409 1.5
31 0.1981327584878166 1.55
32 0.2039267601102268 1.6
33 0.2096891415833902 1.65
34 0.2154204887905999 1.7
35 0.2211213645482182 1.75
36 0.2267922716238696 1.8
37 0.2324337122921921 1.85
38 0.2380461696932851 1.9
39 0.243630202660448 1.95
40 0.2491863980421021 2
41 0.2547149699358209 2.05
42 0.2602162915037613 2.1
43 0.2656907429685015 2.15
44 0.2711387018907253 2.2
45 0.2765605299358334 2.25
46 0.281956575606666 2.3
47 0.2873271734569957 2.35
48 0.2926726495459322 2.4
49 0.2979933220666176 2.45
50 0.3032894944425867 2.5
51 0.30856146291449 2.55
52 0.3138095176448186 2.6
53 0.3190339344415736 2.65
54 0.3242349851597869 2.7
55 0.3294129337000647 2.75
56 0.33456775537293 2.8
57 0.3396994870857365 2.85
58 0.3448090619568767 2.9
59 0.3498969903985401 2.95
60 0.3549630967013757 3
61 0.3600075519806419 3.05
62 0.3650305628058055 3.1
63 0.3700323374463552 3.15
64 0.3750130817451964 3.2
65 0.3799729975558896 3.25
66 0.3849122822871545 3.3
67 0.3898311288788642 3.35
68 0.3947297258882501 3.4
69 0.3996082577556831 3.45
70 0.4044669046143974 3.5
71 0.409305842841844 3.55
72 0.4141252434423706 3.6
73 0.4189252783890182 3.65
74 0.4237061121342388 3.7
75 0.428467905482671 3.75
76 0.4332110693656626 3.8
77 0.4379358687225218 3.85
78 0.4426421699710989 3.9
79 0.4473300841356219 3.95
80 0.451999748319334 4
81 0.4566513031559395 4.05
82 0.461284888899303 4.100000000000001
83 0.4659006439811302 4.15
84 0.470498704562329 4.2
85 0.4750792044168651 4.25
86 0.4796422750121247 4.3
87 0.4841880454592272 4.350000000000001
88 0.4887166434311424 4.4
89 0.4932281918522591 4.45
90 0.4977228145573897 4.5
91 0.5022006317875335 4.55
92 0.506661762107002 4.600000000000001
93 0.5111063220941409 4.65
94 0.5155344269594874 4.7
95 0.5199461914005449 4.75
96 0.5243417279014961 4.800000000000001
97 0.5287211428611435 4.850000000000001
98 0.533084545255342 4.9
99 0.537432041328532 4.95
100 0.5417637347156418 5
101 0.546079728386025 5.050000000000001
102 0.5503801236514195 5.100000000000001
103 0.5546650209756515 5.15
104 0.5589345174773739 5.2
105 0.5631887111158093 5.25
106 0.567427694598829 5.300000000000001
107 0.5716515652032248 5.350000000000001
108 0.5758604152202567 5.4
109 0.5800543354495924 5.45
110 0.5842334160760329 5.5
111 0.5883977461528112 5.550000000000001
112 0.5925474135791147 5.600000000000001
113 0.5966825050729182 5.65
114 0.6008031062112411 5.7
115 0.6049093014965464 5.75
116 0.6090011741966226 5.800000000000001
117 0.6130788066388796 5.850000000000001
118 0.6171422801386423 5.9
119 0.6211920867450057 5.95
120 0.6252283292511013 6
121 0.6292507423743801 6.050000000000001
122 0.6332593536008484 6.100000000000001
123 0.6372542250748596 6.15
124 0.6412354273109503 6.2
125 0.6452030331896282 6.25
126 0.6491571164647086 6.300000000000001
127 0.6530977496939488 6.350000000000001
128 0.6570250046893591 6.4
129 0.6609389527449757 6.45
130 0.6648396642639496 6.5
131 0.6687272088646485 6.550000000000001
132 0.6726016553677752 6.600000000000001
133 0.6764630718216684 6.65
134 0.6803115286971696 6.7
135 0.6841470645336243 6.75
136 0.6879697424226685 6.800000000000001
137 0.691779647559731 6.850000000000001
138 0.6955768485438076 6.9
139 0.6993614103309208 6.95
140 0.7031333962315779 7
141 0.7068928686962382 7.050000000000001
142 0.7106402521927108 7.100000000000001
143 0.7143755866168695 7.15
144 0.7180986647083395 7.2
145 0.7218095057466981 7.25
146 0.7255081568547999 7.300000000000001
147 0.7291946776217305 7.350000000000001
148 0.732869122273171 7.4
149 0.7365315480782154 7.45
150 0.7401820123309331 7.5
151 0.7438205708316816 7.550000000000001
152 0.747447280209547 7.600000000000001
153 0.7510621951734922 7.65
154 0.7546653702515445 7.7
155 0.7582568618203805 7.75
156 0.7618367217995845 7.800000000000001
157 0.7654050026242516 7.850000000000001
158 0.7689617595798941 7.9
159 0.7725070441548965 7.95
160 0.7760409094578127 8
161 0.7795634059033243 8.050000000000001
162 0.7830745825933215 8.1
163 0.7865744896921559 8.15
164 0.7900631802708898 8.200000000000001
165 0.7935407031873538 8.25
166 0.7970071057844396 8.300000000000001
167 0.8004624364957078 8.35
168 0.8039067435486498 8.4
169 0.8073400780499962 8.450000000000001
170 0.8107624867187416 8.5
171 0.8141740147978513 8.550000000000001
172 0.8175747086488747 8.6
173 0.8209646184294623 8.65
174 0.8243441346059287 8.700000000000001
175 0.8277132465230002 8.75
176 0.8310717733794375 8.800000000000001
177 0.8344197219953178 8.85
178 0.8377571254526589 8.9
179 0.8410840240480384 8.950000000000001
180 0.8444004603182549 9
181 0.8477064796370192 9.050000000000001
182 0.8510021244919653 9.1
183 0.8542874362814057 9.15
184 0.8575624572353466 9.200000000000001
185 0.8608272294152581 9.25
186 0.8640817946025455 9.300000000000001
187 0.8673261967370315 9.35
188 0.8705604763984639 9.4
189 0.8737846730246528 9.450000000000001
190 0.8769988269257055 9.5
191 0.8802029782651895 9.550000000000001
192 0.8833971669629218 9.600000000000001
193 0.8865814326596833 9.65
194 0.8897558144458864 9.700000000000001
195 0.892920354406087 9.75
196 0.8960750904380065 9.800000000000001
197 0.8992203409590517 9.850000000000001
198 0.9023560815478587 9.9
199 0.9054821803200083 9.950000000000001
200 0.9085986466096018 10
201 0.9117055090328368 10.05
202 0.9148028017786466 10.1
203 0.9178905607852079 10.15
204 0.9209688240955961 10.2
205 0.9240376275875933 10.25
206 0.9270970084949759 10.3
207 0.9301470023394103 10.35
208 0.933187643365605 10.4
209 0.9362189667821494 10.45
210 0.9392410077124563 10.5
211 0.9422538014273667 10.55
212 0.9452573824474064 10.6
213 0.9482517852746881 10.65
214 0.9512370459096811 10.7
215 0.9542131979364907 10.75
216 0.9571802743138408 10.8
217 0.9601383084057558 10.85
218 0.9630873337842411 10.9
219 0.9660273858339179 10.95
220 0.9689584973758573 11
221 0.9718806994976005 11.05
222 0.9747940254459363 11.1
223 0.977698506602111 11.15
224 0.9805941772170814 11.2
225 0.9834810692377236 11.25
226 0.9863592130843436 11.3
227 0.9892288801969794 11.35
228 0.9920900394196662 11.4
229 0.9949425845275766 11.45
230 0.9977865227693301 11.5
231 1.000621877498511 11.55
232 1.003448676968186 11.6
233 1.006266950826747 11.65
234 1.009076729109065 11.7
235 1.011878041963812 11.75
236 1.014670919190435 11.8
237 1.017455390693886 11.85
238 1.020231486051149 11.9
239 1.022999234522617 11.95
240 1.025758665561278 12
241 1.028509810418297 12.05
242 1.031252697178809 12.1
243 1.033987354060773 12.15
244 1.036713809021491 12.2
245 1.039432090709048 12.25
246 1.042142227533004 12.3
247 1.044844247561471 12.35
248 1.04753817886614 12.4
249 1.050224049342037 12.45
250 1.052901886675967 12.5
251 1.055571718475344 12.55
252 1.058233572149943 12.6
253 1.060887474992702 12.65
254 1.063533454127158 12.7
255 1.066171536547931 12.75
256 1.068801749112879 12.8
257 1.071424118454143 12.85
258 1.074038879247146 12.9
259 1.076645993354534 12.95
260 1.07924537655458 13
261 1.081837035483109 13.05
262 1.084420990849556 13.1
263 1.086997266138529 13.15
264 1.08956588565527 13.2
265 1.092126874664368 13.25
266 1.094680258554159 13.3
267 1.097226062682317 13.35
268 1.099764312268064 13.4
269 1.102295032458812 13.45
270 1.104818248155591 13.5
271 1.107333984806434 13.55
272 1.109842266459819 13.6
273 1.112343118057717 13.65
274 1.114836564455458 13.7
275 1.117322629589035 13.75
276 1.119801337929759 13.8
277 1.122272715383998 13.85
278 1.124736785365264 13.9
279 1.127193570968358 13.95
280 1.129643095836263 14
281 1.132085383658483 14.05
282 1.134520458001732 14.1
283 1.136948342379959 14.15
284 1.139369060158028 14.2
285 1.141782634636244 14.25
286 1.144189088967647 14.3
287 1.146588447733774 14.35
288 1.148980733499939 14.4
289 1.151365968259664 14.45
290 1.153744174589003 14.5
291 1.156115375115255 14.55
292 1.158479592801894 14.6
293 1.160836851364111 14.65
294 1.163187172658858 14.7
295 1.165530578007991 14.75
296 1.167867089365944 14.8
297 1.170196728752065 14.85
298 1.172519518079669 14.9
299 1.174835479228361 14.95
300 1.17714463393467 15
301 1.179447003892841 15.05
302 1.181742610656207 15.1
303 1.18403147573381 15.15
304 1.186313809941743 15.2
305 1.188589569705296 15.25
306 1.19085868028358 15.3
307 1.193121146651737 15.35
308 1.195376983562214 15.4
309 1.197626209365646 15.45
310 1.199868844100138 15.5
311 1.202104908334267 15.55
312 1.204334422604237 15.6
313 1.206557407506215 15.65
314 1.208773883498781 15.7
315 1.210983871038176 15.75
316 1.213187390420025 15.8
317 1.215384461936745 15.85
318 1.217575105718625 15.9
319 1.219759341892217 15.95
320 1.221937190425503 16
321 1.22410867127941 16.05
322 1.226273804263189 16.1
323 1.228432609174321 16.15
324 1.230585105664655 16.2
325 1.232731315053736 16.25
326 1.234871256177158 16.3
327 1.237004947737415 16.35
328 1.23913240893073 16.4
329 1.241253659025968 16.45
330 1.243368717202681 16.5
331 1.245477602619851 16.55
332 1.247580334250975 16.6
333 1.249676931340715 16.65
334 1.251767412592925 16.7
335 1.253851796921615 16.75
336 1.255930103066609 16.8
337 1.258002349748222 16.85
338 1.260068557053906 16.9
339 1.262128743022768 16.95
340 1.264182925394239 17
341 1.266231122464631 17.05
342 1.268273352512873 17.1
343 1.270309633799451 17.15
344 1.272339984577831 17.2
345 1.2743644226683 17.25
346 1.276382966523683 17.3
347 1.278395635865952 17.35
348 1.280402447999865 17.4
349 1.282403419860987 17.45
350 1.284398569011146 17.5
351 1.286387913609617 17.55
352 1.288371470106543 17.6
353 1.290349257279586 17.65
354 1.292321291830801 17.7
355 1.294287592102501 17.75
356 1.296248174411489 17.8
357 1.298203057321759 17.85
358 1.300152257255986 17.9
359 1.302095791951859 17.95
360 1.304033678136683 18
361 1.305965933038429 18.05
362 1.307892573750938 18.1
363 1.309813617276026 18.15
364 1.311729080486787 18.2
365 1.313639160425689 18.25
366 1.315543621979337 18.3
367 1.317442651436867 18.35
368 1.319336261558153 18.4
369 1.321224395581951 18.45
370 1.323107057176129 18.5
371 1.324984260060321 18.55
372 1.326856018549229 18.6
373 1.328722348118377 18.65
374 1.330583264749013 18.7
375 1.332438784637105 18.75
376 1.33428892395165 18.8
377 1.33613369883575 18.85
378 1.337973125371131 18.9
379 1.339807219598363 18.95
380 1.341635997488224 19
381 1.343459474972575 19.05
382 1.345277667910753 19.1
383 1.347090592135081 19.15
384 1.348898263363739 19.2
385 1.350700697325958 19.25
386 1.35249790967148 19.3
387 1.354289917130407 19.35
388 1.356076733774181 19.4
389 1.35785837593144 19.45
390 1.359634858053122 19.5
391 1.361406196492759 19.55
392 1.363172405589197 19.6
393 1.364933501612459 19.65
394 1.366689498789256 19.7
395 1.368440413297243 19.75
396 1.370186259250522 19.8
397 1.371927052737034 19.85
398 1.373662807755342 19.9
399 1.37539354031047 19.95
400 1.377119265500443 20
401 1.378839997639919 20.05
402 1.380555752865776 20.1
403 1.382266545332089 20.15
404 1.383972389101199 20.2
405 1.385673298740024 20.25
406 1.387369288808548 20.3
407 1.389060373888336 20.35
408 1.390746568485933 20.4
409 1.392427888591211 20.45
410 1.394104347992936 20.5
411 1.395775960420276 20.55
412 1.397442738777749 20.6
413 1.399104699024871 20.65
414 1.400761855665661 20.7
415 1.402414222330451 20.75
416 1.404061813055602 20.8
417 1.405704641954288 20.85
418 1.407342723051734 20.9
419 1.408976070351234 20.95
420 1.410604697824889 21
421 1.412228619382052 21.05
422 1.413847848916839 21.1
423 1.415462400257472 21.15
424 1.417072287201787 21.2
425 1.418677523462221 21.25
426 1.420278122739508 21.3
427 1.421874098697752 21.35
428 1.423465464928836 21.4
429 1.425052235010586 21.45
430 1.426634422466352 21.5
431 1.428212040761782 21.55
432 1.429785103352493 21.6
433 1.431353623608395 21.65
434 1.43291761490562 21.7
435 1.434477090534473 21.75
436 1.436032063764912 21.8
437 1.437582547811058 21.85
438 1.439128555862786 21.9
439 1.440670101052557 21.95
440 1.442207196489325 22
441 1.443739855225061 22.05
442 1.445268090263663 22.1
443 1.446791914588557 22.15
444 1.448311341127 22.2
445 1.449826382790056 22.25
446 1.451337052409441 22.3
447 1.452843364302878 22.35
448 1.454345330516157 22.4
449 1.455842963187578 22.45
450 1.457336274897395 22.5
451 1.458825278250941 22.55
452 1.460309985832724 22.6
453 1.461790410234831 22.65
454 1.463266563969662 22.7
455 1.464738459544918 22.75
456 1.466206109400708 22.8
457 1.467669525959864 22.85
458 1.469128721605974 22.9
459 1.470583708668408 22.95
460 1.472034499454556 23
461 1.473481106214745 23.05
462 1.474923541185611 23.1
463 1.476361816550755 23.15
464 1.477795944470612 23.2
465 1.479225937049032 23.25
466 1.480651806348231 23.3
467 1.482073564426765 23.35
468 1.483491224714035 23.4
469 1.484904797220531 23.45
470 1.486314295099852 23.5
471 1.487719730325848 23.55
472 1.489121114118331 23.6
473 1.490518458158994 23.65
474 1.491911774202381 23.7
475 1.493301073982184 23.75
476 1.494686541220964 23.8
477 1.496067942103282 23.85
478 1.497445285822433 23.9
479 1.498818644608159 23.95
480 1.500188040335201 24
481 1.501553487836368 24.05
482 1.502914999733402 24.1
483 1.504272587831899 24.15
484 1.50562643846455 24.2
485 1.506976488391448 24.25
486 1.508322672357098 24.3
487 1.509664986183819 24.35
488 1.511003436134459 24.4
489 1.512337857295477 24.45
490 1.51366851114349 24.5
491 1.514995233135501 24.55
492 1.516318225159876 24.6
493 1.517637489048742 24.65
494 1.518952970873829 24.7
495 1.52026466994236 24.75
496 1.52157241559197 24.8
497 1.522876472290424 24.85
498 1.524176672989862 24.9
499 1.525473222128351 24.95
500 1.526765941608112 25
501 1.528055033275258 25.05
502 1.529340317131412 25.1
503 1.530621995334335 25.15
504 1.531899886950801 25.2
505 1.533174194771538 25.25
506 1.534444737050044 25.3
507 1.535711718164412 25.35
508 1.536975136382674 25.4
509 1.538234935443595 25.45
510 1.539491113708441 25.5
511 1.540743677799514 25.55
512 1.541992636879072 25.6
513 1.543238000957592 25.65
514 1.544479780328386 25.7
515 1.545717985322423 25.75
516 1.546952626305346 25.8
517 1.548183713595102 25.85
518 1.549411257490076 25.9
519 1.550635268273992 25.95
520 1.551855756166043 26
521 1.553072731406672 26.05
522 1.554286204147616 26.1
523 1.555496184564389 26.15
524 1.556702682756364 26.2
525 1.557905708820778 26.25
526 1.559105272809589 26.3
527 1.560301199619114 26.35
528 1.561493765543938 26.4
529 1.562682979183054 26.45
530 1.563868787016721 26.5
531 1.565051187922923 26.55
532 1.566230188288704 26.6
533 1.567405796723146 26.65
534 1.568578022673967 26.7
535 1.569746875807168 26.75
536 1.570912365829912 26.8
537 1.572074502471823 26.85
538 1.573233295411447 26.9
539 1.574388754345663 26.95
540 1.575540888906786 27
541 1.576689708706619 27.05
542 1.577835223386785 27.1
543 1.578977442431647 27.15
544 1.580116375420228 27.2
545 1.581252031834459 27.25
546 1.582384421160632 27.3
547 1.583513552838953 27.35
548 1.584639436298611 27.4
549 1.585762080922574 27.45
550 1.586881496072743 27.5
551 1.587997691104631 27.55
552 1.58911067529903 27.6
553 1.590220457970535 27.65
554 1.59132704832669 27.7
555 1.592430455627068 27.75
556 1.593530689070063 27.8
557 1.594627757810611 27.85
558 1.595721671006799 27.9
559 1.596812437778264 27.95
560 1.597900067212429 28
561 1.59898456989931 28.05
562 1.600065954139541 28.1
563 1.601144228368853 28.15
564 1.602219401419408 28.2
565 1.603291482220465 28.25
566 1.604360479676627 28.3
567 1.605426402700998 28.35
568 1.606489260156182 28.4
569 1.607549060905646 28.45
570 1.608605813791586 28.5
571 1.609659527576547 28.55
572 1.610710211057125 28.6
573 1.61175787297818 28.65
574 1.612802522060896 28.7
575 1.61384416702824 28.75
576 1.614882816386605 28.8
577 1.615918479051068 28.85
578 1.616951163536768 28.9
579 1.617980878421434 28.95
580 1.619007632299938 29
581 1.620031433704942 29.05
582 1.621052291170089 29.1
583 1.622070213179741 29.15
584 1.623085208206883 29.2
585 1.624097284715351 29.25
586 1.625106451104034 29.3
587 1.626112715799512 29.35
588 1.6271160871374 29.4
589 1.628116573491424 29.45
590 1.629114183190674 29.5
591 1.630108924513048 29.55
592 1.631100805756126 29.6
593 1.632089835172845 29.65
594 1.633076020976642 29.7
595 1.634059371381102 29.75
596 1.635039894568105 29.8
597 1.636017598692209 29.85
598 1.636992491881285 29.9
599 1.637964582242827 29.95
600 1.638933877877882 30
601 1.639900386824636 30.05
602 1.640864117129713 30.1
603 1.641825076809226 30.15
604 1.642783273838323 30.2
605 1.643738716217205 30.25
606 1.644691411858585 30.3
607 1.645641368714025 30.35
608 1.646588594662151 30.4
609 1.647533097590734 30.45
610 1.648474885341305 30.5
611 1.649413965754201 30.55
612 1.650350346622386 30.6
613 1.651284035733848 30.65
614 1.652215040847228 30.7
615 1.653143369716909 30.75
616 1.654069030029503 30.8
617 1.654992029489662 30.85
618 1.655912375793469 30.9
619 1.65683007655453 30.95
620 1.65774513943285 31
621 1.658657572021646 31.05
622 1.659567381898461 31.1
623 1.660474576640076 31.15
624 1.66137916382715 31.2
625 1.662281150855837 31.25
626 1.663180545287837 31.3
627 1.664077354585987 31.35
628 1.664971396964629 31.4
629 1.665862956631246 31.45
630 1.666751842400047 31.5
631 1.667638085539842 31.55
632 1.668521952113062 31.6
633 1.66940318513298 31.65
634 1.670281803653378 31.7
635 1.671157879060515 31.75
636 1.672031430259557 31.8
637 1.672902468265026 31.85
638 1.67377119176586 31.9
639 1.674637331470125 31.95
640 1.675500902512844 32
641 1.676361974543744 32.05
642 1.677220565852181 32.1
643 1.678076687169594 32.15
644 1.678930346841546 32.2
645 1.679781741988739 32.25
646 1.680630603500393 32.3
647 1.681476946579946 32.35
648 1.682320840377878 32.4
649 1.683162303013078 32.45
650 1.684001345052141 32.5
651 1.684837974670351 32.55
652 1.685672199199391 32.6
653 1.68650402572409 32.65
654 1.687333650122664 32.7
655 1.688160803861177 32.75
656 1.688985502258971 32.8
657 1.689807813864311 32.85
658 1.69062775656267 32.9
659 1.691445529116592 32.95
660 1.692260864748754 33
661 1.693073967376713 33.05
662 1.693884630837719 33.1
663 1.694692881608143 33.15
664 1.695498791307435 33.2
665 1.696302378826 33.25
666 1.697103842421402 33.3
667 1.69790291623902 33.35
668 1.698699803604897 33.4
669 1.699494298864843 33.45
670 1.700286615697305 33.5
671 1.701076551969021 33.55
672 1.701864135356244 33.6
673 1.702649437176156 33.65
674 1.70343247623733 33.7
675 1.704213449541147 33.75
676 1.704992092483284 33.8
677 1.70576860737124 33.85
678 1.706542789328666 33.9
679 1.707314850982071 33.95
680 1.708084776886406 34
681 1.708852323113093 34.05
682 1.709617569535752 34.1
683 1.710380595054866 34.15
684 1.711141606117808 34.2
685 1.711900343008284 34.25
686 1.712657008088329 34.3
687 1.713411397771891 34.35
688 1.714163723608228 34.4
689 1.714913969854559 34.45
690 1.715661894261403 34.5
691 1.716407576235047 34.55
692 1.717151093873841 34.6
693 1.717892652048655 34.65
694 1.71863199258606 34.7
695 1.719369316609653 34.75
696 1.720104421548212 34.8
697 1.720837517622287 34.85
698 1.721568588777666 34.9
699 1.72229739621427 34.95
700 1.723024018134872 35
701 1.723748531038011 35.05
702 1.7244711363362 35.1
703 1.725191760740677 35.15
704 1.725910338844719 35.2
705 1.726626679195209 35.25
706 1.727340866765952 35.3
707 1.72805316025477 35.35
708 1.728763316905109 35.4
709 1.729471538609973 35.45
710 1.730177626202895 35.5
711 1.730881606391182 35.55
712 1.731583727353993 35.6
713 1.732283922711716 35.65
714 1.73298194808376 35.7
715 1.733678058738072 35.75
716 1.734372245668012 35.8
717 1.735064277087445 35.85
718 1.735754229011212 35.9
719 1.736442176959688 35.95
720 1.737128141517437 36
721 1.737812133176885 36.05
722 1.738494337938008 36.1
723 1.739174678740307 36.15
724 1.739852911752048 36.2
725 1.74052928618745 36.25
726 1.741203792331186 36.3
727 1.741876199570443 36.35
728 1.742546585571124 36.4
729 1.743215024862647 36.45
730 1.743881537205245 36.5
731 1.744546309800487 36.55
732 1.745209267096626 36.6
733 1.74587016793901 36.65
734 1.746529082847738 36.7
735 1.747186260558669 36.75
736 1.747841462273487 36.8
737 1.748494708458703 36.85
738 1.74914606245126 36.9
739 1.749795540442564 36.95
740 1.750443152864681 37
741 1.751089079061683 37.05
742 1.751733069612458 37.1
743 1.752375140424076 37.15
744 1.753015350698068 37.2
745 1.753653716443718 37.25
746 1.754290246931605 37.3
747 1.7549251225316 37.35
748 1.755558093866452 37.4
749 1.756189178610125 37.45
750 1.756818435277012 37.5
751 1.757445879193398 37.55
752 1.758071519345327 37.6
753 1.758695362143963 37.65
754 1.759317413118734 37.7
755 1.759937677570731 37.75
756 1.760556160721481 37.8
757 1.761172867689517 37.85
758 1.761787803605616 37.9
759 1.762400973563067 37.95
760 1.76301238264677 38
761 1.763622035896432 38.05
762 1.764229938408645 38.1
763 1.764836095219739 38.15
764 1.765440511355822 38.2
765 1.766043191831335 38.25
766 1.766644141637865 38.3
767 1.767243367289047 38.35
768 1.767840871534717 38.40000000000001
769 1.768436659349375 38.45
770 1.769030736209879 38.5
771 1.769623107113665 38.55
772 1.770213778567377 38.6
773 1.770802754783352 38.65000000000001
774 1.771390039993231 38.7
775 1.771975637374319 38.75
776 1.772559553965901 38.8
777 1.773141793071696 38.85
778 1.773722361139281 38.90000000000001
779 1.774301262928308 38.95
780 1.774878502637285 39
781 1.775454083468066 39.05
782 1.776028010789223 39.1
783 1.776600291586367 39.15000000000001
784 1.777170928531959 39.2
785 1.777739927888307 39.25
786 1.778307294292705 39.3
787 1.77887303184153 39.35
788 1.779437143643633 39.40000000000001
789 1.779999634975939 39.45
790 1.780560512702468 39.5
791 1.781119779406041 39.55
792 1.781677441261099 39.6
793 1.782233502803165 39.65000000000001
794 1.7827879665675 39.7
795 1.783340837691616 39.75
796 1.783892122884125 39.8
797 1.784441826208951 39.85
798 1.784989950063662 39.90000000000001
799 1.785536501050285 39.95
800 1.786081483661465 40
801 1.786624900406035 40.05
802 1.787166756325969 40.1
803 1.787707058015563 40.15000000000001
804 1.788245809437726 40.2
805 1.788783014408524 40.25
806 1.789318677320174 40.3
807 1.789852802553731 40.35
808 1.790385394511882 40.40000000000001
809 1.7909164576267 40.45
810 1.791445996263793 40.5
811 1.791974014834979 40.55
812 1.792500516229925 40.6
813 1.793025506949126 40.65000000000001
814 1.793548989887437 40.7
815 1.79407097092746 40.75
816 1.794591454348229 40.8
817 1.795110443888119 40.85
818 1.795627943785918 40.90000000000001
819 1.796143956823983 40.95
820 1.796658489387586 41
821 1.797171545922561 41.05
822 1.797683129962556 41.1
823 1.798193245691992 41.15000000000001
824 1.798701680713524 41.2
825 1.799208757673244 41.25
826 1.799714250229468 41.3
827 1.80021841139915 41.35
828 1.800721218148637 41.40000000000001
829 1.80122260223871 41.45
830 1.801722554030931 41.5
831 1.802220861117517 41.55
832 1.802717838154779 41.6
833 1.803213260552045 41.65000000000001
834 1.803707166217993 41.7
835 1.804199845429224 41.75
836 1.804691003914988 41.8
837 1.805180876983613 41.85
838 1.805669225771449 41.90000000000001
839 1.80615629436818 41.95
840 1.806641845222028 42
841 1.807125910710948 42.05
842 1.807608568443796 42.1
843 1.80808983534514 42.15000000000001
844 1.808569926235448 42.2
845 1.809048539108614 42.25
846 1.809525694108413 42.3
847 1.810001461593862 42.35
848 1.8104758576686 42.40000000000001
849 1.810949097689215 42.45
850 1.811420881433322 42.5
851 1.811891436166234 42.55
852 1.812360524969462 42.6
853 1.812828178458664 42.65000000000001
854 1.813294472054175 42.7
855 1.813759422125768 42.75
856 1.814223035921386 42.8
857 1.814685316581725 42.85
858 1.815146271095374 42.90000000000001
859 1.815605903575187 42.95
860 1.81606421520731 43
861 1.816521210440414 43.05
862 1.816976893945949 43.1
863 1.817431271628211 43.15000000000001
864 1.817884344610689 43.2
865 1.81833611651684 43.25
866 1.818786793154335 43.3
867 1.819236083714854 43.35
868 1.819684205924063 43.40000000000001
869 1.820130929229007 43.45
870 1.820576286208037 43.5
871 1.821020347279053 43.55
872 1.821463128120321 43.6
873 1.821904636424559 43.65000000000001
874 1.82234487530135 43.7
875 1.822783851513919 43.75
876 1.823221568976785 43.8
877 1.823658028803222 43.85
878 1.824093235234608 43.90000000000001
879 1.824527192725062 43.95
880 1.824959906954991 44
881 1.825391378933675 44.05
882 1.825821613959903 44.1
883 1.826250615589883 44.15000000000001
884 1.826678386601694 44.2
885 1.827104930424656 44.25
886 1.827530250516975 44.3
887 1.827954350407504 44.35
888 1.828377233627156 44.40000000000001
889 1.828798903653615 44.45
890 1.829219363997657 44.5
891 1.829638618103366 44.55
892 1.830056669510743 44.6
893 1.830473521650414 44.65000000000001
894 1.830889177985987 44.7
895 1.831303641967615 44.75
896 1.831716917007374 44.8
897 1.832129006588497 44.85
898 1.83253991407705 44.90000000000001
899 1.832949642906169 44.95
900 1.833358196468739 45
901 1.833765578125359 45.05
902 1.834171791312428 45.1
903 1.834576839342678 45.15000000000001
904 1.834980725588857 45.2
905 1.835383453416191 45.25
906 1.835785026142206 45.3
907 1.836185447106881 45.35
908 1.836584719595005 45.40000000000001
909 1.83698284694645 45.45
910 1.837379832467441 45.5
911 1.83777567942177 45.55
912 1.838170391110631 45.6
913 1.838563970762294 45.65000000000001
914 1.838956421706089 45.7
915 1.839347747143357 45.75
916 1.839737950342642 45.8
917 1.840127034528563 45.85
918 1.840515002905258 45.90000000000001
919 1.840901858739579 45.95
920 1.841287605194438 46
921 1.84167224548204 46.05
922 1.842055782786211 46.1
923 1.842438220265402 46.15000000000001
924 1.842819561130611 46.2
925 1.843199808489162 46.25
926 1.843578965507919 46.3
927 1.843957035357702 46.35
928 1.844334021133975 46.40000000000001
929 1.844709925966903 46.45
930 1.845084752935287 46.5
931 1.845458505193257 46.55
932 1.845831185821298 46.6
933 1.846202797888352 46.65000000000001
934 1.846573344480714 46.7
935 1.846942828649112 46.75
936 1.847311253504293 46.8
937 1.84767862204955 46.85
938 1.848044937349633 46.90000000000001
939 1.848410202428877 46.95
940 1.848774420280899 47
941 1.849137593988734 47.05
942 1.849499726511365 47.1
943 1.849860820860894 47.15000000000001
944 1.850220880026575 47.2
945 1.850579906966992 47.25
946 1.850937904688347 47.3
947 1.851294876113095 47.35
948 1.851650824206091 47.40000000000001
949 1.8520057519524 47.45
950 1.85235966223204 47.5
951 1.852712557989946 47.55
952 1.853064442120012 47.6
953 1.853415317589194 47.65000000000001
954 1.853765187277432 47.7
955 1.854114054060543 47.75
956 1.854461920823415 47.8
957 1.85480855826908 47.85
958 1.855154311946268 47.90000000000001
959 1.855499166621912 47.95
960 1.855843052558113 48
961 1.856185957651311 48.05
962 1.856527652946773 48.1
963 1.856868479036749 48.15000000000001
964 1.857208190983705 48.2
965 1.857547057098965 48.25
966 1.857885047415625 48.3
967 1.858221863934766 48.35
968 1.858557830500038 48.40000000000001
969 1.858892700443068 48.45
970 1.859226737859482 48.5
971 1.859559912540766 48.55
972 1.859891929543309 48.6
973 1.860223109227688 48.65000000000001
974 1.860553207459873 48.7
975 1.860882485564391 48.75
976 1.861210913569951 48.8
977 1.861538199727391 48.85
978 1.861864660987115 48.90000000000001
979 1.862190055751826 48.95
980 1.862514642599912 49
981 1.862838391798013 49.05
982 1.863161014770485 49.1
983 1.863482825080654 49.15000000000001
984 1.863803583656263 49.2
985 1.864123546343262 49.25
986 1.864442464786743 49.3
987 1.864760376802187 49.35
988 1.865077575153027 49.40000000000001
989 1.865393754957148 49.45
990 1.865708940715091 49.5
991 1.866023204181548 49.55
992 1.86633656088495 49.6
993 1.866649017596384 49.65000000000001
994 1.866960578294954 49.7
995 1.867271245989336 49.75
996 1.867581236660773 49.8
997 1.867890237846624 49.85
998 1.868198481708319 49.90000000000001
999 1.868505723496684 49.95
1000 1.868811995172058 50
1001 1.869117369392982 50.05
1002 1.869421862155339 50.1
1003 1.869725480323665 50.15000000000001
1004 1.870028227874584 50.2
1005 1.870330107785663 50.25
1006 1.870631122774004 50.3
1007 1.870931275337239 50.35
1008 1.871230567991027 50.40000000000001
1009 1.8715290051599 50.45
1010 1.871826588325748 50.5
1011 1.872123319233911 50.55
1012 1.87241920017112 50.6
1013 1.872714233512663 50.65000000000001
1014 1.873008421698508 50.7
1015 1.873301767152409 50.75
1016 1.873594272285161 50.8
1017 1.873885937389118 50.85
1018 1.874176765710764 50.90000000000001
1019 1.87446676288736 50.95
1020 1.874755930637753 51
1021 1.875044270392726 51.05
1022 1.875331784347049 51.1
1023 1.875618474825155 51.15000000000001
1024 1.875904344184595 51.2
1025 1.876189394910797 51.25
1026 1.876473629105708 51.3
1027 1.876757049245129 51.35
1028 1.877039657666283 51.40000000000001
1029 1.8773214566966 51.45
1030 1.877602170955041 51.5
1031 1.877881939339389 51.55
1032 1.878161148165161 51.6
1033 1.878439687473011 51.65000000000001
1034 1.878717459986979 51.7
1035 1.878994447192921 51.75
1036 1.879270644573983 51.8
1037 1.879546052158648 51.85
1038 1.879820404425633 51.90000000000001
1039 1.880093831475952 51.95
1040 1.880366707579884 52
1041 1.880638930405735 52.05
1042 1.880910403719595 52.1
1043 1.88118110955308 52.15000000000001
1044 1.881451043563984 52.2
1045 1.881720205803947 52.25
1046 1.881988335644527 52.3
1047 1.882255560847183 52.35
1048 1.882522248681131 52.40000000000001
1049 1.88278803298876 52.45
1050 1.883053215028627 52.5
1051 1.883317749793983 52.55
1052 1.883581552761324 52.6
1053 1.883844608885294 52.65000000000001
1054 1.884106657495326 52.7
1055 1.884367822397119 52.75
1056 1.884628463434561 52.8
1057 1.884888220995063 52.85
1058 1.885147390787509 52.90000000000001
1059 1.885405928501857 52.95
1060 1.885663497599305 53
1061 1.885920458000629 53.05
1062 1.886176533535149 53.1
1063 1.886431766589431 53.15000000000001
1064 1.886686244651598 53.2
1065 1.886939986405354 53.25
1066 1.887193249167466 53.3
1067 1.88744591692173 53.35
1068 1.88769764397096 53.40000000000001
1069 1.887948530875703 53.45
1070 1.888198666651753 53.5
1071 1.888448083087814 53.55
1072 1.888696782094822 53.6
1073 1.88894476869953 53.65000000000001
1074 1.889192045445984 53.7
1075 1.889438614545311 53.75
1076 1.889684472959364 53.8
1077 1.889929633436891 53.85
1078 1.890174091778289 53.90000000000001
1079 1.890417850914157 53.95
1080 1.890660912682671 54
1081 1.890903273973971 54.05
1082 1.891144947358843 54.1
1083 1.891385928676437 54.15000000000001
1084 1.891626220807315 54.2
1085 1.891865825588557 54.25
1086 1.892104744955204 54.3
1087 1.892342980859159 54.35
1088 1.892580535289451 54.40000000000001
1089 1.892817410178506 54.45
1090 1.89305360747663 54.5
1091 1.893289129125425 54.55
1092 1.893523972157052 54.6
1093 1.893758148836481 54.65000000000001
1094 1.893991655068226 54.7
1095 1.89422449366764 54.75
1096 1.894456666421349 54.8
1097 1.894688175211148 54.85
1098 1.894919021943068 54.90000000000001
1099 1.895149208507736 54.95
1100 1.895378736783128 55
1101 1.895607608669245 55.05
1102 1.895835826055302 55.1
1103 1.896063390878539 55.15000000000001
1104 1.89629030500858 55.2
1105 1.896516570300093 55.25
1106 1.896742188625346 55.3
1107 1.896967161852298 55.35
1108 1.897191491875902 55.40000000000001
1109 1.897415180559081 55.45
1110 1.897638229728232 55.5
1111 1.897860641199008 55.55
1112 1.898082416833645 55.6
1113 1.898303558469842 55.65000000000001
1114 1.898524067973946 55.7
1115 1.898743947125789 55.75
1116 1.898963197731945 55.8
1117 1.8991818216022 55.85
1118 1.899399820573278 55.90000000000001
1119 1.899617196468161 55.95
1120 1.899833951072319 56
1121 1.900050086157177 56.05
1122 1.900265603508335 56.1
1123 1.900480504910985 56.15000000000001
1124 1.900694792166483 56.2
1125 1.900908467032569 56.25
1126 1.901121531260698 56.3
1127 1.901333986576442 56.35
1128 1.901545830216798 56.40000000000001
1129 1.901757073433404 56.45
1130 1.901967712427273 56.5
1131 1.902177749744374 56.55
1132 1.902386890403017 56.6
1133 1.902595578259737 56.65000000000001
1134 1.902803783754767 56.7
1135 1.903011419146724 56.75
1136 1.903218469361477 56.8
1137 1.903424637764979 56.85
1138 1.903630361044639 56.90000000000001
1139 1.90383560934778 56.95
1140 1.904040295839909 57
1141 1.904244405562187 57.05
1142 1.904447646761284 57.1
1143 1.90465044843836 57.15000000000001
1144 1.904852782099223 57.2
1145 1.905054274813782 57.25
1146 1.905255053868685 57.3
1147 1.905455511989902 57.35
1148 1.905655247264939 57.40000000000001
1149 1.905854299129494 57.45
1150 1.906052757713462 57.5
1151 1.906250641524397 57.55
1152 1.906447957577135 57.6
1153 1.906644709344427 57.65000000000001
1154 1.90684089906487 57.7
1155 1.90703652848501 57.75
1156 1.907231599316326 57.8
1157 1.907426113207198 57.85
1158 1.907620071726484 57.90000000000001
1159 1.907813476460263 57.95
1160 1.908006329048123 58
1161 1.908198906675747 58.05
1162 1.90839079957797 58.1
1163 1.908582039023853 58.15000000000001
1164 1.90877298323836 58.2
1165 1.908963241003633 58.25
1166 1.909152848370022 58.3
1167 1.909341890950813 58.35
1168 1.909530386326558 58.40000000000001
1169 1.90971834114973 58.45
1170 1.909905758648702 58.5
1171 1.910092641008463 58.55
1172 1.910278989940725 58.6
1173 1.910464806982609 58.65000000000001
1174 1.910650094894371 58.7
1175 1.910834853047515 58.75
1176 1.911019083934285 58.8
1177 1.911202790174627 58.85
1178 1.91138597122106 58.90000000000001
1179 1.911568629550178 58.95
1180 1.911750767742379 59
1181 1.911932385277529 59.05
1182 1.912113484616624 59.1
1183 1.912294067182369 59.15000000000001
1184 1.91247413458393 59.2
1185 1.912653688284014 59.25
1186 1.912832729745312 59.3
1187 1.913011260501073 59.35
1188 1.913189282015414 59.40000000000001
1189 1.913366795725691 59.45
1190 1.913543803116563 59.5
1191 1.91372030569026 59.55
1192 1.913896304846485 59.6
1193 1.91407180204824 59.65000000000001
1194 1.914246798796883 59.7
1195 1.914421296482606 59.75
1196 1.914595296546617 59.8
1197 1.914768800471107 59.85
1198 1.914941809660996 59.90000000000001
1199 1.915114325518571 59.95
1200 1.915286349516536 60
