"report-def-0-rfile"
"Time Step" "mass_f_report etc.."
("Time Step" "mass_f_report" "flow-time")
0 0 0
1 -0.00972147246572729 0.02
2 -0.01919817917920711 0.04
3 -0.02541590163823398 0.06
4 -0.03358287547431623 0.08
5 -0.04227780573742695 0.1
6 -0.05103534210440506 0.12
7 -0.05970975239853983 0.14
8 -0.06826105387248312 0.16
9 -0.07668329760630906 0.18
10 -0.08498075870860027 0.2
11 -0.09316015271186792 0.22
12 -0.1012282141653728 0.24
13 -0.1091910384718576 0.26
14 -0.1170539834724281 0.28
15 -0.1248217349174476 0.3
16 -0.1324984017605486 0.32
17 -0.1400876125820099 0.34
18 -0.1475925929370235 0.36
19 -0.1550162308455245 0.38
20 -0.1623611302725694 0.4
21 -0.1696296529005407 0.42
22 -0.1768239525116705 0.44
23 -0.1839460051756224 0.46
24 -0.1909977475684265 0.48
25 -0.1979808019750281 0.5
26 -0.2048967146004414 0.52
27 -0.2117469397124663 0.54
28 -0.2185328427204042 0.5600000000000001
29 -0.2252557073093542 0.58
30 -0.2319167399606318 0.6
31 -0.2385170808492658 0.62
32 -0.2450578088785368 0.64
33 -0.2515399449289251 0.66
34 -0.2579644606232326 0.68
35 -0.2643322794405023 0.7000000000000001
36 -0.270644281918456 0.72
37 -0.2769013101230651 0.74
38 -0.2831041681315206 0.76
39 -0.2892539134978591 0.78
40 -0.2953511174403481 0.8
41 -0.3013964364411822 0.8200000000000001
42 -0.3073905374359402 0.84
43 -0.3133340741828158 0.86
44 -0.3192276814942689 0.88
45 -0.3250719735466485 0.9
46 -0.3308675448692953 0.92
47 -0.336614970834627 0.9400000000000001
48 -0.3423148090558465 0.96
49 -0.3479675999688349 0.98
50 -0.3535738687843826 1
51 -0.359134125446634 1.02
52 -0.3646488662037504 1.04
53 -0.3701185740798491 1.06
54 -0.3755437193650028 1.08
55 -0.3809252431385758 1.1
56 -0.3862632969227219 1.12
57 -0.3915582195385772 1.14
58 -0.3968104051905608 1.16
59 -0.4020202630344756 1.18
60 -0.4071881983119837 1.2
61 -0.412314609265224 1.22
62 -0.4173998900924241 1.24
63 -0.4224444261310621 1.26
64 -0.4274485929535113 1.28
65 -0.4324127638121143 1.3
66 -0.4373373022578493 1.32
67 -0.442222567132959 1.34
68 -0.4470689080731997 1.36
69 -0.4518766735428435 1.38
70 -0.4566462044091405 1.4
71 -0.4613778341421847 1.42
72 -0.4660718930202609 1.44
73 -0.4707287083286046 1.46
74 -0.4753486008809967 1.48
75 -0.4799318847455943 1.5
76 -0.4844796089518064 1.52
77 -0.4889916152493372 1.54
78 -0.493468048580447 1.56
79 -0.497909157869797 1.58
80 -0.5023152222495687 1.6
81 -0.5066865274571275 1.62
82 -0.5110233605265417 1.64
83 -0.5153260058399074 1.66
84 -0.5195947454559428 1.68
85 -0.5238298576538348 1.7
86 -0.5280316185954788 1.72
87 -0.532200300540478 1.74
88 -0.5363361732767187 1.76
89 -0.5404395038082395 1.78
90 -0.5445105562001137 1.8
91 -0.5485495916617608 1.82
92 -0.5525568690657576 1.84
93 -0.5565326447752645 1.86
94 -0.5604771720957922 1.88
95 -0.5643907022252618 1.9
96 -0.5682734842165521 1.92
97 -0.5721257644708877 1.94
98 -0.5759477868604966 1.96
99 -0.579739793331806 1.98
100 -0.5835020236068336 2
101 -0.5872356411888995 2.02
102 -0.5909402800691446 2.04
103 -0.5946159731174449 2.06
104 -0.5982628841406911 2.08
105 -0.6018812195841577 2.1
106 -0.6054711983901212 2.12
107 -0.6090330427504985 2.14
108 -0.6125669742495585 2.16
109 -0.6160732133663682 2.18
110 -0.6195519786769386 2.2
111 -0.6230034872312746 2.22
112 -0.6264279539803713 2.24
113 -0.6298255922177642 2.26
114 -0.6331966136949388 2.28
115 -0.6365412280111808 2.3
116 -0.6398596431623276 2.32
117 -0.6431520657053497 2.34
118 -0.6464187002764488 2.36
119 -0.6496597498376047 2.38
120 -0.6528754156065379 2.4
121 -0.6560658975289031 2.42
122 -0.6592313937135952 2.44
123 -0.6623721005797005 2.46
124 -0.665488213096161 2.48
125 -0.6685799247112709 2.5
126 -0.6716474273521649 2.52
127 -0.6746909111998697 2.54
128 -0.6777105650539551 2.56
129 -0.6807065762175109 2.58
130 -0.6836791305503196 2.6
131 -0.6866284125363314 2.62
132 -0.6895546049188105 2.64
133 -0.6924578890216889 2.66
134 -0.6953394610371092 2.68
135 -0.6981988298969928 2.7
136 -0.7010359495791484 2.72
137 -0.7038509210335316 2.74
138 -0.7066438933333413 2.76
139 -0.7094150305415406 2.78
140 -0.7121645008853356 2.8
141 -0.7148924730474983 2.82
142 -0.7175991149238244 2.84
143 -0.7202845934719236 2.86
144 -0.7229490743707377 2.88
145 -0.7255927218052802 2.9
146 -0.7282156990777111 2.92
147 -0.7308181679494291 2.94
148 -0.7334002890009519 2.96
149 -0.7359622215746647 2.98
150 -0.7385041237308572 3
151 -0.7410261524832398 3.02
152 -0.7435284634565061 3.04
153 -0.7460112110936696 3.06
154 -0.7484745487198841 3.08
155 -0.7509186283376919 3.1
156 -0.7533436008996179 3.12
157 -0.755749616189063 3.14
158 -0.7581368227168762 3.16
159 -0.7605053679598436 3.18
160 -0.7628553981984875 3.2
161 -0.7651870585870542 3.22
162 -0.7675004930912017 3.24
163 -0.7697958446415241 3.26
164 -0.7720732550885968 3.28
165 -0.7743328650141407 3.3
166 -0.7765748140293858 3.32
167 -0.7787992407304462 3.34
168 -0.7810062825261341 3.36
169 -0.7831960757355516 3.38
170 -0.7853687556927683 3.4
171 -0.7875244566579412 3.42
172 -0.7896633117123986 3.44
173 -0.7917854531231788 3.46
174 -0.7938910120600807 3.48
175 -0.7959801185587527 3.5
176 -0.7980529017292185 3.52
177 -0.8001094895993459 3.54
178 -0.8021500093331574 3.56
179 -0.8041745869648427 3.58
180 -0.8061833476861316 3.6
181 -0.8081773564766899 3.62
182 -0.8101561096387934 3.64
183 -0.8121195207054761 3.66
184 -0.8140676407442871 3.68
185 -0.8160005666336968 3.7
186 -0.8179184094497314 3.72
187 -0.8198212843593756 3.74
188 -0.821709307530899 3.76
189 -0.8235825947306714 3.78
190 -0.8254412608087961 3.8
191 -0.8272854201997969 3.82
192 -0.8291151860165229 3.84
193 -0.8309306708934832 3.86
194 -0.8327319863275129 3.88
195 -0.8345192431773145 3.9
196 -0.8362925512305829 3.92
197 -0.8380520196699204 3.94
198 -0.8397977565932395 3.96
199 -0.8415298693642439 3.98
200 -0.8432484647045784 4
201 -0.8449536482603054 4.02
202 -0.8466455248329716 4.04
203 -0.8483241986037907 4.06
204 -0.8499897729790263 4.08
205 -0.8516423503551949 4.1
206 -0.8532820324843478 4.12
207 -0.8549089202275594 4.14
208 -0.8565231137364442 4.16
209 -0.8581247124424547 4.18
210 -0.8597138148586635 4.2
211 -0.8612905188488594 4.22
212 -0.8628549214903319 4.24
213 -0.8644071190687959 4.26
214 -0.8659472071854408 4.28
215 -0.8674752806048359 4.3
216 -0.8689914333802256 4.32
217 -0.8704957588812066 4.34
218 -0.8719883497481156 4.36
219 -0.8734692978452071 4.38
220 -0.8749386943450903 4.4
221 -0.8763966297406048 4.42
222 -0.8778431937741146 4.44
223 -0.8792784755364403 4.46
224 -0.8807025633146146 4.48
225 -0.882115544811626 4.5
226 -0.883517507004649 4.52
227 -0.8849085361885933 4.54
228 -0.8862887179692943 4.56
229 -0.887658137364398 4.58
230 -0.8890168785279657 4.600000000000001
231 -0.8903650252314447 4.62
232 -0.8917026603961185 4.64
233 -0.8930298663021233 4.66
234 -0.8943467247215242 4.68
235 -0.8956533166010782 4.7
236 -0.8969497223987124 4.72
237 -0.8982360218195136 4.74
238 -0.8995122940494122 4.76
239 -0.9007786175312508 4.78
240 -0.9020350702865564 4.8
241 -0.9032817295438245 4.82
242 -0.9045186720052367 4.84
243 -0.9057459737463536 4.86
244 -0.9069637102905752 4.88
245 -0.9081719564618738 4.9
246 -0.9093707865899524 4.92
247 -0.9105602744174666 4.94
248 -0.911740493034671 4.96
249 -0.9129115151135861 4.98
250 -0.9140734125064027 5
251 -0.9152262567341345 5.02
252 -0.9163701186292679 5.04
253 -0.9175050685782468 5.06
254 -0.9186311762733718 5.08
255 -0.919749168782892 5.100000000000001
256 -0.9208580172291769 5.12
257 -0.9219587368621238 5.14
258 -0.9230510538361912 5.16
259 -0.9241349214488036 5.18
260 -0.9252103683475315 5.2
261 -0.9262774476716492 5.22
262 -0.9273362203153467 5.24
263 -0.9283867497348532 5.26
264 -0.9294290995249539 5.28
265 -0.9304633332539358 5.3
266 -0.9314895139715135 5.32
267 -0.9325077044544988 5.34
268 -0.9335179668225579 5.36
269 -0.9345203628816831 5.38
270 -0.9355149538393149 5.4
271 -0.9365018005366652 5.42
272 -0.937480963254427 5.44
273 -0.9384525018965238 5.46
274 -0.9394164758286668 5.48
275 -0.9403729440255509 5.5
276 -0.9413219649940476 5.52
277 -0.9422635968003662 5.54
278 -0.9431978970224706 5.56
279 -0.9441249228070435 5.58
280 -0.945044730917179 5.600000000000001
281 -0.9459573775776476 5.62
282 -0.9468629187023947 5.64
283 -0.9477614096742577 5.66
284 -0.9486529054885157 5.68
285 -0.9495374607098553 5.7
286 -0.9504151294948752 5.72
287 -0.9512859655419995 5.74
288 -0.9521500221742427 5.76
289 -0.9530073522900263 5.78
290 -0.9538580083640782 5.8
291 -0.954702042485904 5.82
292 -0.9555395063111203 5.84
293 -0.9563704511164051 5.86
294 -0.9571949277738002 5.88
295 -0.9580129867592407 5.9
296 -0.9588246781563519 5.92
297 -0.9596300516546346 5.94
298 -0.9604291565623537 5.96
299 -0.961222041801175 5.98
300 -0.9620087559096622 6
301 -0.9627893470532198 6.02
302 -0.9635638630160809 6.04
303 -0.9643323512115238 6.06
304 -0.9650948586883291 6.08
305 -0.9658514321100258 6.100000000000001
306 -0.9666021177958362 6.12
307 -0.9673469616940831 6.140000000000001
308 -0.9680860093955896 6.16
309 -0.9688193061344896 6.18
310 -0.9695468967918855 6.2
311 -0.9702688259158453 6.22
312 -0.9709851376518347 6.24
313 -0.9716958758513923 6.26
314 -0.9724010840136418 6.28
315 -0.9731008052875936 6.3
316 -0.9737950824918368 6.32
317 -0.9744839581061037 6.34
318 -0.9751674742784501 6.36
319 -0.9758456728192055 6.38
320 -0.9765185952361545 6.4
321 -0.9771862826821683 6.42
322 -0.9778487760105811 6.44
323 -0.9785061157440341 6.46
324 -0.9791583420872298 6.48
325 -0.9798054949371383 6.5
326 -0.9804476138722154 6.52
327 -0.9810847381582063 6.54
328 -0.9817169067708822 6.56
329 -0.9823441583456334 6.58
330 -0.9829665312546672 6.600000000000001
331 -0.98358406356171 6.62
332 -0.9841967930024142 6.640000000000001
333 -0.9848047570466973 6.66
334 -0.9854079928518653 6.68
335 -0.9860065373190832 6.7
336 -0.9866004270163993 6.72
337 -0.9871896982547265 6.74
338 -0.9877743870507436 6.76
339 -0.9883545291387797 6.78
340 -0.9889301599688551 6.8
341 -0.989501314728732 6.82
342 -0.9900680283084778 6.84
343 -0.990630335353033 6.86
344 -0.991188270212397 6.88
345 -0.9917418669647249 6.9
346 -0.9922911594551042 6.92
347 -0.9928361812414772 6.94
348 -0.9933769655988182 6.96
349 -0.9939135455697964 6.98
350 -0.9944459539230348 7
351 -0.9949742231934418 7.02
352 -0.9954983856326087 7.04
353 -0.996018473255918 7.06
354 -0.9965345178240459 7.08
355 -0.9970465508454265 7.100000000000001
356 -0.9975546036014863 7.12
357 -0.9980587070911719 7.140000000000001
358 -0.9985588921046915 7.16
359 -0.9990551891835795 7.18
360 -0.9995476286273707 7.2
361 -1.000036240487848 7.22
362 -1.000521054595713 7.24
363 -1.001002100543096 7.26
364 -1.001479407691132 7.28
365 -1.001953005175026 7.3
366 -1.00242292189518 7.32
367 -1.002889186534186 7.34
368 -1.003351827536509 7.36
369 -1.003810873132363 7.38
370 -1.00426635133376 7.4
371 -1.004718289942571 7.42
372 -1.005166716521949 7.44
373 -1.005611658430339 7.46
374 -1.006053142811256 7.48
375 -1.006491196604397 7.5
376 -1.006925846510833 7.52
377 -1.007357119060731 7.54
378 -1.007785040554736 7.56
379 -1.008209637084332 7.58
380 -1.00863093454905 7.600000000000001
381 -1.009048958639587 7.62
382 -1.00946373484846 7.640000000000001
383 -1.00987528846339 7.66
384 -1.010283644583075 7.68
385 -1.010688828109594 7.7
386 -1.01109086374163 7.72
387 -1.011489775990554 7.74
388 -1.011885589167872 7.76
389 -1.012278327414801 7.78
390 -1.012668014666857 7.8
391 -1.013054674678564 7.82
392 -1.013438331007465 7.84
393 -1.013819007054258 7.86
394 -1.014196726007875 7.88
395 -1.014571510885698 7.9
396 -1.014943384531686 7.92
397 -1.015312369609297 7.94
398 -1.015678488598064 7.96
399 -1.016041763804902 7.98
400 -1.016402217360562 8
