"q_mass-rfile"
"Time Step" "q_mass etc.."
("Time Step" "q_mass" "flow-time")
0 0 0
1 9.819705967418686e-06 0.25
2 4.843305478576608e-05 0.5
3 0.0001062218988979462 0.75
4 0.0002259864060356883 1
5 0.0004192414025195255 1.25
6 0.000699098535701611 1.5
7 0.001078220637540847 1.75
8 0.001568063834520849 2
9 0.002178567844562682 2.25
10 0.002918005351655908 2.5
11 0.003792893779726331 2.75
12 0.004807938185393374 3
13 0.005965996287903208 3.25
14 0.007268062736472012 3.5
15 0.008713272420024849 3.75
16 0.01029892268288672 4
17 0.01202051439417526 4.25
18 0.01387181150653621 4.5
19 0.01584491885077157 4.75
20 0.01793037721770542 5
21 0.02011727488633625 5.25
22 0.02239337450288123 5.5
23 0.02474525390363463 5.75
24 0.02715845949733092 6
25 0.02961767051569832 6.25
26 0.03210687240261144 6.5
27 0.03460953746518779 6.75
28 0.0371088108416319 7
29 0.03958769982721989 7.25
30 0.04202926440520571 7.5
31 0.04441680701925742 7.75
32 0.04673405946081283 8
33 0.04896536489542589 8.25
34 0.05109585298147158 8.5
35 0.05311160624497303 8.75
36 0.05499981583935185 9
37 0.0567489250493448 9.25
38 0.05834875893421628 9.5
39 0.05979063871789142 9.75
40 0.06106747967407762 10
41 0.06217387145228017 10.25
42 0.06310613995512267 10.5
43 0.06386239011344366 10.75
44 0.06444252906855101 11
45 0.06484826954678959 11.25
46 0.06508311337040064 11.5
47 0.06515231529626428 11.75
48 0.06506282758315091 12
49 0.06482322589834527 12.25
50 0.06444361737875937 12.5
51 0.06393553185640216 12.75
52 0.06331179744369403 13
53 0.06258640184321387 13.25
54 0.06177434090414163 13.5
55 0.0608914560891325 13.75
56 0.05995426263227866 14
57 0.058979770270944 14.25
58 0.05798529852406649 14.5
59 0.05698828853073575 14.75
60 0.05600611353541747 15
61 0.0550558900550978 15.25
62 0.05415429187548253 15.5
63 0.05331736878212532 15.75
64 0.05256037218899737 16
65 0.05189758942775528 16.25
66 0.05134218858701018 16.5
67 0.05090607558674955 16.75
68 0.05059976505351969 17
69 0.05043226641352868 17.25
70 0.05041098645195283 17.5
71 0.05054164940719131 17.75
72 0.05082823547602963 18
73 0.05127293840460163 18.25
74 0.05187614262940114 18.5
75 0.05263642022099239 18.75
76 0.05355054766457463 19
77 0.05461354229099959 19.25
78 0.05581871796448532 19.5
79 0.05715775941277114 19.75
80 0.05862081439094406 20
81 0.06019660266262819 20.25
82 0.06187254061432277 20.5
83 0.06363488012454933 20.75
84 0.0654688601837297 21
85 0.06735886959579235 21.25
86 0.06928861896850921 21.5
87 0.07124132012923316 21.75
88 0.07319987098359659 22
89 0.07514704380287369 22.25
90 0.07706567486826457 22.5
91 0.07893885341328824 22.75
92 0.0807501077600713 23
93 0.08248358664833058 23.25
94 0.0841242337463856 23.5
95 0.08565795344026735 23.75
96 0.0870717660858171 24
97 0.08835395102182796 24.25
98 0.08949417577385821 24.5
99 0.09048361003975651 24.75
100 0.09131502320455488 25
101 0.09198286431711171 25.25
102 0.09248332365318507 25.5
103 0.09281437518716826 25.75
104 0.09297579951591498 26
105 0.09296918697217507 26.25
106 0.09279792090304786 26.5
107 0.092467141277619 26.75
108 0.09198368909496889 27
109 0.09135603206726041 27.25
110 0.09059417250048156 27.5
111 0.08970953839417181 27.75
112 0.08871485883312638 28
113 0.08762402518673344 28.25
114 0.08645193952572541 28.5
115 0.08521435195897749 28.75
116 0.08392768870624219 29
117 0.08260887267835812 29.25
118 0.08127513869117314 29.5
119 0.07994384520131399 29.75
120 0.078632284690808 30
121 0.07735749477538095 30.25
122 0.07613607208942923 30.5
123 0.07498399099520504 30.75
124 0.07391642910128954 31
125 0.07294760150504756 31.25
126 0.07209060557111573 31.5
127 0.0713572779475368 31.75
128 0.07075806539594835 32
129 0.07030191081896776 32.25
130 0.06999615578993196 32.5
131 0.06984646059362716 32.75
132 0.06985674269198948 33
133 0.07002913428555341 33.25
134 0.07036395937707997 33.5
135 0.07085973074133582 33.75
136 0.07151316664032199 34
137 0.07231922718752051 34.25
138 0.0732711700860994 34.5
139 0.07436062486540955 34.75
140 0.07557768503943747 35
141 0.07691101706350849 35.25
142 0.07834798492033528 35.5
143 0.07987478897039041 35.75
144 0.08147661754706788 36
145 0.08313780963366134 36.25
146 0.08484202683696411 36.5
147 0.08657243278385611 36.75
148 0.08831187795831205 37
149 0.0900430879771366 37.25
150 0.09174885321503023 37.5
151 0.09341221772012695 37.75
152 0.09501666535202861 38
153 0.09654630108097012 38.25
154 0.09798602549280551 38.5
155 0.0993217005592799 38.75
156 0.1005403048833342 39
157 0.1016300766916122 39.25
158 0.1025806430290767 39.5
159 0.103383133733157 39.75
160 0.1040302789346576 40
161 0.1045164890245193 40.25
162 0.1048379162055318 40.5
163 0.1049924969484482 40.75
164 0.1049799749183837 41
165 0.1048019040731936 41.25
166 0.1044616319084931 41.5
167 0.1039642631096286 41.75
168 0.1033166038899181 42
169 0.1025270876602102 42.25
170 0.1016056830038777 42.5
171 0.1005637847081452 42.75
172 0.09941408901338204 43
173 0.098170455031748 43.25
174 0.09684775304669024 43.5
175 0.09546170180532433 43.75
176 0.09402869663635667 44
177 0.09256563002970848 44.25
178 0.09108970680939184 44.5
179 0.08961825587900336 44.75
180 0.08816854060158234 45
181 0.08675756989649458 45.25
182 0.08540191211690701 45.5
183 0.08411751375699078 45.75
184 0.08291952495764837 46
185 0.08182213375166629 46.25
186 0.08083841079901144 46.5
187 0.07998016651716261 46.75
188 0.07925782170157719 47
189 0.07868029374962535 47.25
190 0.07825489906334449 47.5
191 0.07798727313534479 47.75
192 0.07788130895764712 48
193 0.07793911464522513 48.25
194 0.07816099046550219 48.5
195 0.07854542577655522 48.75
196 0.07908911576171664 49
197 0.07978699782339904 49.25
198 0.08063230723626907 49.5
199 0.0816166514445857 49.75
200 0.08273010219218339 50
201 0.08396130448770191 50.25
202 0.08529760113673701 50.5
203 0.08672517167295112 50.75
204 0.08822918387807475 51
205 0.08979395648228507 51.25
206 0.09140313113036948 51.5
207 0.09303985176278667 51.75
208 0.09468694949446459 52
209 0.09632713079680102 52.25
210 0.09794316721998031 52.5
211 0.09951808423988356 52.75
212 0.1010353474051823 53
213 0.1024790436487777 53.25
214 0.1038340557934705 53.5
215 0.1050862282291223 53.75
216 0.1062225223200792 54
217 0.107231159242352 54.25
218 0.1081017492586115 54.5
219 0.1088254056572721 54.75
220 0.1093948422539755 55
221 0.1098044533630189 55.25
222 0.1100503753365227 55.5
223 0.1101305290350191 55.75
224 0.1100446427161694 56
225 0.1097942551443176 56.25
226 0.1093826988729983 56.5
227 0.1088150638344013 56.75
228 0.1080981417040611 57
229 0.1072403515827723 57.25
230 0.1062516479801124 57.5
231 0.1051434116002243 57.75
232 0.1039283251106733 58
233 0.1026202340304863 58.25
234 0.1012339953268371 58.5
235 0.09978531460509496 58.75
236 0.09829057423769742 59
237 0.0967666539428579 59.25
238 0.09523074595694064 59.5
239 0.0937001667795354 59.75
240 0.092192167520544 60
