"q_mass-rfile"
"Time Step" "q_mass etc.."
("Time Step" "q_mass" "flow-time")
0 0.009777525367568773 0
1 0.01112182063448238 0.25
2 0.01242783464937627 0.5
3 0.01327824038313397 0.75
4 0.01438618018263777 1
5 0.01555100880879089 1.25
6 0.01670356946051351 1.5
7 0.01781877808398591 1.75
8 0.01888636003673359 2
9 0.01990106829556246 2.25
10 0.02085942115678629 2.5
11 0.02175862009301353 2.75
12 0.02259619565222201 3
13 0.02336989576625807 3.25
14 0.02407765411370466 3.5
15 0.02471758444274151 3.75
16 0.02528798277788919 4
17 0.02578733185137793 4.25
18 0.02621430565488856 4.5
19 0.02656777357997878 4.75
20 0.02684680394223215 5
21 0.02705066686944067 5.25
22 0.02717883670151764 5.5
23 0.0272309935989884 5.75
24 0.0272070246439231 6
25 0.02710702428149325 6.25
26 0.02693129421164961 6.5
27 0.02668034266857386 6.75
28 0.02635488311690639 7
29 0.02595583237660995 7.25
30 0.02548430817569388 7.5
31 0.02494162614754481 7.75
32 0.02432929627336997 8
33 0.02364901879040208 8.25
34 0.02290267957564349 8.5
35 0.02209234500624238 8.75
36 0.02122025633022355 9
37 0.02028882355670582 9.25
38 0.01930061887041246 9.5
39 0.01825836960875758 9.75
40 0.01716495081093346 10
41 0.01602337735143123 10.25
42 0.01483679571524833 10.5
43 0.01360847532959557 10.75
44 0.01234179968772113 11
45 0.01104025707983247 11.25
46 0.009707431048073957 11.5
47 0.008346990512237678 11.75
48 0.006962679752033071 12
49 0.005558308229216781 12.25
50 0.004137740106490143 12.5
51 0.002704883584991276 12.75
52 0.001263680326355515 13
53 -0.0001819052564288238 13.25
54 -0.00162789727312681 13.5
55 -0.003070318824973979 13.75
56 -0.00450520291990519 14
57 -0.005928603669017794 14.25
58 -0.007336606752572883 14.5
59 -0.008725340283509271 14.75
60 -0.01009098539498488 15
61 -0.0114297867781278 15.25
62 -0.01273806285051834 15.5
63 -0.01401221592623174 15.75
64 -0.01524874200554351 16
65 -0.01644424045345488 16.25
66 -0.01759542323626443 16.5
67 -0.01869912398045131 16.75
68 -0.01975230663695967 17
69 -0.02075207379318596 17.25
70 -0.0216956746187129 17.5
71 -0.02258051238005375 17.75
72 -0.023404151581947 18
73 -0.0241643246073328 18.25
74 -0.02485893799578448 18.5
75 -0.0254860781190317 18.75
76 -0.02604401641454386 19
77 -0.02653121413924066 19.25
78 -0.02694632665806619 19.5
79 -0.02728820697741272 19.75
80 -0.0275559090232067 20
81 -0.02774869011347421 20.25
82 -0.02786601310523103 20.5
83 -0.02790754777467449 20.75
84 -0.02787317179612324 21
85 -0.02776297100961592 21.25
86 -0.02757723922087794 21.5
87 -0.02731647737051372 21.75
88 -0.02698139218586669 22
89 -0.02657289422241486 22.25
90 -0.02609209537147911 22.5
91 -0.02554030580875143 22.75
92 -0.02491903040377754 23
93 -0.02422996459344326 23.25
94 -0.02347498972954759 23.5
95 -0.02265616792505294 23.75
96 -0.02177573639578947 24
97 -0.02083610133323276 24.25
98 -0.01983983129937551 24.5
99 -0.01878965019027196 24.75
100 -0.0176884297664241 25
101 -0.01653918178212132 25.25
102 -0.01534504973192007 25.5
103 -0.0141093002243328 25.75
104 -0.01283531402768919 26
105 -0.01152657681039479 26.25
106 -0.01018666957142616 26.5
107 -0.008819258881833485 26.75
108 -0.007428086710473733 27
109 -0.006016960266331819 27.25
110 -0.004589741581975101 27.5
111 -0.003150336807446575 27.75
112 -0.001702685638468164 28
113 -0.0002507503799365653 28.25
114 0.001201494682009123 28.5
115 0.002650074460590032 28.75
116 0.004091023931699372 29
117 0.005520398881622608 29.25
118 0.00693428636519434 29.5
119 0.008328816283755402 29.75
120 0.00970017129691814 30
121 0.01104459759254794 30.25
122 0.01235841505058258 30.5
123 0.01363802739708595 30.75
124 0.01487993204101687 31
125 0.01608072968338554 31.25
126 0.01723713361465682 31.5
127 0.01834597874179684 31.75
128 0.0194042302764941 32
129 0.02040899202924094 32.25
130 0.02135751436175462 32.5
131 0.02224720172309346 32.75
132 0.02307561975651591 33
133 0.02384050196767553 33.25
134 0.02453975598589729 33.5
135 0.02517146927975895 33.75
136 0.02573391429824576 34
137 0.02622555335910561 34.25
138 0.02664504280443384 34.5
139 0.0269912366821636 34.75
140 0.02726318980953705 35
141 0.02746016052129331 35.25
142 0.02758161258651533 35.5
143 0.02762721671219066 35.75
144 0.02759685146154214 36
145 0.02749060355471991 36.25
146 0.0273087676653791 36.5
147 0.02705184559232409 36.75
148 0.02672054489600129 37
149 0.0263157769548236 37.25
150 0.02583865446833961 37.5
151 0.02529048840747943 37.75
152 0.0246727844238757 38
153 0.02398723871915485 38.25
154 0.0232357334049832 38.5
155 0.02242033133651187 38.75
156 0.02154327045932213 39
157 0.02060695768468555 39.25
158 0.01961396228207128 39.5
159 0.01856700884182572 39.75
160 0.01746896981657425 40
161 0.01632285763068567 40.25
162 0.0151318164491072 40.5
163 0.01389911352170771 40.75
164 0.01262813025262776 41
165 0.01132235295128657 41.25
166 0.009985363258259959 41.5
167 0.008620828354211881 41.75
168 0.00723249078949106 42
169 0.005824158392412238 42.25
170 0.004399693775424448 42.5
171 0.002963003632801432 42.75
172 0.001518028226348136 43
173 6.873048297508725e-05 43.25
174 -0.001380914639668846 43.5
175 -0.002826931786936803 43.75
176 -0.004265355368254765 44
177 -0.005692240396180017 44.25
178 -0.007103673679992981 44.5
179 -0.008495784451288452 44.75
180 -0.009864754909681759 45
181 -0.01120683071230052 45.25
182 -0.01251833127913904 45.5
183 -0.01379565989470158 45.75
184 -0.01503531336688405 46
185 -0.01623389203792813 46.25
186 -0.01738810872047185 46.5
187 -0.01849479785029738 46.75
188 -0.01955092419243714 47
189 -0.02055359112162325 47.25
190 -0.02150004856079558 47.5
191 -0.02238770053057263 47.75
192 -0.02321411225009208 48
193 -0.0239770168100338 48.25
194 -0.02467432142395368 48.5
195 -0.02530411315446857 48.75
196 -0.02586466406745764 49
197 -0.02635443607720048 49.25
198 -0.02677208515226188 49.5
199 -0.02711646491752916 49.75
200 -0.02738662989347091 50
201 -0.02758183797474269 50.25
202 -0.02770155258458881 50.5
203 -0.0277454440700499 50.75
204 -0.02771339062998476 51
205 -0.02760547865294661 51.25
206 -0.02742200246175252 51.5
207 -0.02716346350949 51.75
208 -0.02683056902636546 52
209 -0.02642423006009996 52.25
210 -0.02594555898500818 52.5
211 -0.02539586645078955 52.75
212 -0.02477665779274948 53
213 -0.02408962890444752 53.25
214 -0.02333666158560907 53.5
215 -0.02251981839099932 53.75
216 -0.0216413369670665 54
217 -0.02070362393196581 54.25
218 -0.01970924826534503 54.5
219 -0.0186609342731828 54.75
220 -0.01756155411873787 55
221 -0.01641411995528425 55.25
222 -0.01522177566241777 55.5
223 -0.01398778824242819 55.75
224 -0.01271553883458598 56
225 -0.01140851347366759 56.25
226 -0.01007029353113179 56.5
227 -0.008704545934023264 56.75
228 -0.00731501300532538 57
229 -0.005905502309928256 57.25
230 -0.004479876206153744 57.5
231 -0.003042041186791879 57.75
232 -0.001595937274307976 58
233 -0.0001455271672938497 58.25
234 0.001305214652144688 58.5
235 0.002752312680450521 58.75
236 0.004191801670497613 59
237 0.005619736929342811 59.25
238 0.007032205452112725 59.5
239 0.008425336662415949 59.75
240 0.009795312976378701 60
